{"numFailedTestSuites":7,"numFailedTests":27,"numPassedTestSuites":20,"numPassedTests":228,"numPendingTestSuites":0,"numPendingTests":0,"numRuntimeErrorTestSuites":0,"numTodoTests":0,"numTotalTestSuites":27,"numTotalTests":255,"openHandles":[],"snapshot":{"added":0,"didUpdate":false,"failure":false,"filesAdded":0,"filesRemoved":0,"filesRemovedList":[],"filesUnmatched":0,"filesUpdated":0,"matched":0,"total":0,"unchecked":0,"uncheckedKeysByFile":[],"unmatched":0,"updated":0},"startTime":1747338687408,"success":false,"testResults":[{"assertionResults":[{"ancestorTitles":["ActiveSession"],"duration":336,"failureDetails":[],"failureMessages":[],"fullName":"ActiveSession renders session start time correctly","invocations":1,"location":null,"numPassingAsserts":1,"retryReasons":[],"status":"passed","title":"renders session start time correctly"},{"ancestorTitles":["ActiveSession"],"duration":69,"failureDetails":[{"matcherResult":{"message":"\u001b[2mexpect(\u001b[22m\u001b[31mjest.fn()\u001b[39m\u001b[2m).\u001b[22mtoHaveBeenCalledWith\u001b[2m(\u001b[22m\u001b[32m...expected\u001b[39m\u001b[2m)\u001b[22m\n\n\u001b[32m- Expected\u001b[39m\n\u001b[31m+ Received\u001b[39m\n\n  \u001b[2m{\"item\": {\"completed\": undefined, \"duration\": undefined, \"exerciseId\": \"ex-1\", \"id\": \"exercise-1\", \"notes\": undefined, \"reps\": 12, \"setNumber\": 1, \"weight\": 50}, \"onExpand\": [Function onExpand], \"onOpenFullView\": [Function onOpenFullView]}\u001b[22m,\n\u001b[32m- Any<Object>\u001b[39m,\n\u001b[31m+ undefined\u001b[39m,\n\nNumber of calls: \u001b[31m1\u001b[39m","pass":false}}],"failureMessages":["Error: \u001b[2mexpect(\u001b[22m\u001b[31mjest.fn()\u001b[39m\u001b[2m).\u001b[22mtoHaveBeenCalledWith\u001b[2m(\u001b[22m\u001b[32m...expected\u001b[39m\u001b[2m)\u001b[22m\n\n\u001b[32m- Expected\u001b[39m\n\u001b[31m+ Received\u001b[39m\n\n  \u001b[2m{\"item\": {\"completed\": undefined, \"duration\": undefined, \"exerciseId\": \"ex-1\", \"id\": \"exercise-1\", \"notes\": undefined, \"reps\": 12, \"setNumber\": 1, \"weight\": 50}, \"onExpand\": [Function onExpand], \"onOpenFullView\": [Function onOpenFullView]}\u001b[22m,\n\u001b[32m- Any<Object>\u001b[39m,\n\u001b[31m+ undefined\u001b[39m,\n\nNumber of calls: \u001b[31m1\u001b[39m\n    at Object.toHaveBeenCalledWith (/Users/mmock/Projects/fitness-tracker/FitnessTracker/src/components/__tests__/ActiveSession.test.tsx:84:30)\n    at Promise.then.completed (/Users/mmock/Projects/fitness-tracker/FitnessTracker/node_modules/jest-circus/build/utils.js:298:28)\n    at new Promise (<anonymous>)\n    at callAsyncCircusFn (/Users/mmock/Projects/fitness-tracker/FitnessTracker/node_modules/jest-circus/build/utils.js:231:10)\n    at _callCircusTest (/Users/mmock/Projects/fitness-tracker/FitnessTracker/node_modules/jest-circus/build/run.js:316:40)\n    at _runTest (/Users/mmock/Projects/fitness-tracker/FitnessTracker/node_modules/jest-circus/build/run.js:252:3)\n    at _runTestsForDescribeBlock (/Users/mmock/Projects/fitness-tracker/FitnessTracker/node_modules/jest-circus/build/run.js:126:9)\n    at _runTestsForDescribeBlock (/Users/mmock/Projects/fitness-tracker/FitnessTracker/node_modules/jest-circus/build/run.js:121:9)\n    at run (/Users/mmock/Projects/fitness-tracker/FitnessTracker/node_modules/jest-circus/build/run.js:71:3)\n    at runAndTransformResultsToJestFormat (/Users/mmock/Projects/fitness-tracker/FitnessTracker/node_modules/jest-circus/build/legacy-code-todo-rewrite/jestAdapterInit.js:122:21)\n    at jestAdapter (/Users/mmock/Projects/fitness-tracker/FitnessTracker/node_modules/jest-circus/build/legacy-code-todo-rewrite/jestAdapter.js:79:19)\n    at runTestInternal (/Users/mmock/Projects/fitness-tracker/FitnessTracker/node_modules/jest-runner/build/runTest.js:367:16)\n    at runTest (/Users/mmock/Projects/fitness-tracker/FitnessTracker/node_modules/jest-runner/build/runTest.js:444:34)\n    at Object.worker (/Users/mmock/Projects/fitness-tracker/FitnessTracker/node_modules/jest-runner/build/testWorker.js:106:12)"],"fullName":"ActiveSession renders exercise list when exercises exist","invocations":1,"location":null,"numPassingAsserts":1,"retryReasons":[],"status":"failed","title":"renders exercise list when exercises exist"},{"ancestorTitles":["ActiveSession"],"duration":5,"failureDetails":[],"failureMessages":[],"fullName":"ActiveSession renders placeholder text when no exercises exist","invocations":1,"location":null,"numPassingAsserts":1,"retryReasons":[],"status":"passed","title":"renders placeholder text when no exercises exist"}],"endTime":1747338692517,"message":"\u001b[1m\u001b[31m  \u001b[1m● \u001b[22m\u001b[1mActiveSession › renders exercise list when exercises exist\u001b[39m\u001b[22m\n\n    \u001b[2mexpect(\u001b[22m\u001b[31mjest.fn()\u001b[39m\u001b[2m).\u001b[22mtoHaveBeenCalledWith\u001b[2m(\u001b[22m\u001b[32m...expected\u001b[39m\u001b[2m)\u001b[22m\n\n    \u001b[32m- Expected\u001b[39m\n    \u001b[31m+ Received\u001b[39m\n\n      \u001b[2m{\"item\": {\"completed\": undefined, \"duration\": undefined, \"exerciseId\": \"ex-1\", \"id\": \"exercise-1\", \"notes\": undefined, \"reps\": 12, \"setNumber\": 1, \"weight\": 50}, \"onExpand\": [Function onExpand], \"onOpenFullView\": [Function onOpenFullView]}\u001b[22m,\n    \u001b[32m- Any<Object>\u001b[39m,\n    \u001b[31m+ undefined\u001b[39m,\n\n    Number of calls: \u001b[31m1\u001b[39m\n\u001b[2m\u001b[22m\n\u001b[2m    \u001b[0m \u001b[90m 82 |\u001b[39m     \u001b[22m\n\u001b[2m     \u001b[90m 83 |\u001b[39m     \u001b[90m// Verify ExerciseSetGroup was called with correct props\u001b[39m\u001b[22m\n\u001b[2m    \u001b[31m\u001b[1m>\u001b[22m\u001b[2m\u001b[39m\u001b[90m 84 |\u001b[39m     expect(\u001b[33mExerciseSetGroup\u001b[39m)\u001b[33m.\u001b[39mtoHaveBeenCalledWith(\u001b[22m\n\u001b[2m     \u001b[90m    |\u001b[39m                              \u001b[31m\u001b[1m^\u001b[22m\u001b[2m\u001b[39m\u001b[22m\n\u001b[2m     \u001b[90m 85 |\u001b[39m       {\u001b[22m\n\u001b[2m     \u001b[90m 86 |\u001b[39m         item\u001b[33m:\u001b[39m expectedExerciseSetData\u001b[33m,\u001b[39m\u001b[22m\n\u001b[2m     \u001b[90m 87 |\u001b[39m         onExpand\u001b[33m:\u001b[39m expect\u001b[33m.\u001b[39many(\u001b[33mFunction\u001b[39m)\u001b[33m,\u001b[39m\u001b[0m\u001b[22m\n\u001b[2m\u001b[22m\n\u001b[2m      \u001b[2mat Object.toHaveBeenCalledWith (\u001b[22m\u001b[2m\u001b[0m\u001b[36msrc/components/__tests__/ActiveSession.test.tsx\u001b[39m\u001b[0m\u001b[2m:84:30)\u001b[22m\u001b[2m\u001b[22m\n","name":"/Users/mmock/Projects/fitness-tracker/FitnessTracker/src/components/__tests__/ActiveSession.test.tsx","startTime":1747338689331,"status":"failed","summary":""},{"assertionResults":[{"ancestorTitles":["SessionContainer"],"duration":304,"failureDetails":[],"failureMessages":[],"fullName":"SessionContainer renders empty session state when activeSession is null","invocations":1,"location":null,"numPassingAsserts":2,"retryReasons":[],"status":"passed","title":"renders empty session state when activeSession is null"},{"ancestorTitles":["SessionContainer"],"duration":38,"failureDetails":[{"matcherResult":{"message":"\u001b[2mexpect(\u001b[22m\u001b[31mjest.fn()\u001b[39m\u001b[2m).\u001b[22mtoHaveBeenCalledWith\u001b[2m(\u001b[22m\u001b[32m...expected\u001b[39m\u001b[2m)\u001b[22m\n\n\u001b[32m- Expected\u001b[39m\n\u001b[31m+ Received\u001b[39m\n\n  \u001b[2m{\"onAddExercise\": [Function mockConstructor], \"session\": {\"id\": \"test-session\", \"name\": \"Test Session\", \"sessionExercises\": [], \"startTime\": \"2024-03-14T10:00:00Z\"}}\u001b[22m,\n\u001b[32m- Any<Object>\u001b[39m,\n\u001b[31m+ undefined\u001b[39m,\n\nNumber of calls: \u001b[31m1\u001b[39m","pass":false}}],"failureMessages":["Error: \u001b[2mexpect(\u001b[22m\u001b[31mjest.fn()\u001b[39m\u001b[2m).\u001b[22mtoHaveBeenCalledWith\u001b[2m(\u001b[22m\u001b[32m...expected\u001b[39m\u001b[2m)\u001b[22m\n\n\u001b[32m- Expected\u001b[39m\n\u001b[31m+ Received\u001b[39m\n\n  \u001b[2m{\"onAddExercise\": [Function mockConstructor], \"session\": {\"id\": \"test-session\", \"name\": \"Test Session\", \"sessionExercises\": [], \"startTime\": \"2024-03-14T10:00:00Z\"}}\u001b[22m,\n\u001b[32m- Any<Object>\u001b[39m,\n\u001b[31m+ undefined\u001b[39m,\n\nNumber of calls: \u001b[31m1\u001b[39m\n    at Object.toHaveBeenCalledWith (/Users/mmock/Projects/fitness-tracker/FitnessTracker/src/components/__tests__/SessionContainer.test.tsx:78:27)\n    at Promise.then.completed (/Users/mmock/Projects/fitness-tracker/FitnessTracker/node_modules/jest-circus/build/utils.js:298:28)\n    at new Promise (<anonymous>)\n    at callAsyncCircusFn (/Users/mmock/Projects/fitness-tracker/FitnessTracker/node_modules/jest-circus/build/utils.js:231:10)\n    at _callCircusTest (/Users/mmock/Projects/fitness-tracker/FitnessTracker/node_modules/jest-circus/build/run.js:316:40)\n    at _runTest (/Users/mmock/Projects/fitness-tracker/FitnessTracker/node_modules/jest-circus/build/run.js:252:3)\n    at _runTestsForDescribeBlock (/Users/mmock/Projects/fitness-tracker/FitnessTracker/node_modules/jest-circus/build/run.js:126:9)\n    at _runTestsForDescribeBlock (/Users/mmock/Projects/fitness-tracker/FitnessTracker/node_modules/jest-circus/build/run.js:121:9)\n    at run (/Users/mmock/Projects/fitness-tracker/FitnessTracker/node_modules/jest-circus/build/run.js:71:3)\n    at runAndTransformResultsToJestFormat (/Users/mmock/Projects/fitness-tracker/FitnessTracker/node_modules/jest-circus/build/legacy-code-todo-rewrite/jestAdapterInit.js:122:21)\n    at jestAdapter (/Users/mmock/Projects/fitness-tracker/FitnessTracker/node_modules/jest-circus/build/legacy-code-todo-rewrite/jestAdapter.js:79:19)\n    at runTestInternal (/Users/mmock/Projects/fitness-tracker/FitnessTracker/node_modules/jest-runner/build/runTest.js:367:16)\n    at runTest (/Users/mmock/Projects/fitness-tracker/FitnessTracker/node_modules/jest-runner/build/runTest.js:444:34)\n    at Object.worker (/Users/mmock/Projects/fitness-tracker/FitnessTracker/node_modules/jest-runner/build/testWorker.js:106:12)"],"fullName":"SessionContainer renders ActiveSession when activeSession is provided","invocations":1,"location":null,"numPassingAsserts":1,"retryReasons":[],"status":"failed","title":"renders ActiveSession when activeSession is provided"}],"endTime":1747338692514,"message":"\u001b[1m\u001b[31m  \u001b[1m● \u001b[22m\u001b[1mSessionContainer › renders ActiveSession when activeSession is provided\u001b[39m\u001b[22m\n\n    \u001b[2mexpect(\u001b[22m\u001b[31mjest.fn()\u001b[39m\u001b[2m).\u001b[22mtoHaveBeenCalledWith\u001b[2m(\u001b[22m\u001b[32m...expected\u001b[39m\u001b[2m)\u001b[22m\n\n    \u001b[32m- Expected\u001b[39m\n    \u001b[31m+ Received\u001b[39m\n\n      \u001b[2m{\"onAddExercise\": [Function mockConstructor], \"session\": {\"id\": \"test-session\", \"name\": \"Test Session\", \"sessionExercises\": [], \"startTime\": \"2024-03-14T10:00:00Z\"}}\u001b[22m,\n    \u001b[32m- Any<Object>\u001b[39m,\n    \u001b[31m+ undefined\u001b[39m,\n\n    Number of calls: \u001b[31m1\u001b[39m\n\u001b[2m\u001b[22m\n\u001b[2m    \u001b[0m \u001b[90m 76 |\u001b[39m\u001b[22m\n\u001b[2m     \u001b[90m 77 |\u001b[39m     \u001b[90m// Verify ActiveSession was called with correct props\u001b[39m\u001b[22m\n\u001b[2m    \u001b[31m\u001b[1m>\u001b[22m\u001b[2m\u001b[39m\u001b[90m 78 |\u001b[39m     expect(\u001b[33mActiveSession\u001b[39m)\u001b[33m.\u001b[39mtoHaveBeenCalledWith(\u001b[22m\n\u001b[2m     \u001b[90m    |\u001b[39m                           \u001b[31m\u001b[1m^\u001b[22m\u001b[2m\u001b[39m\u001b[22m\n\u001b[2m     \u001b[90m 79 |\u001b[39m       {\u001b[22m\n\u001b[2m     \u001b[90m 80 |\u001b[39m         session\u001b[33m:\u001b[39m expectedActiveSessionData\u001b[33m,\u001b[39m\u001b[22m\n\u001b[2m     \u001b[90m 81 |\u001b[39m         onAddExercise\u001b[33m:\u001b[39m mockOnAddExercise\u001b[0m\u001b[22m\n\u001b[2m\u001b[22m\n\u001b[2m      \u001b[2mat Object.toHaveBeenCalledWith (\u001b[22m\u001b[2m\u001b[0m\u001b[36msrc/components/__tests__/SessionContainer.test.tsx\u001b[39m\u001b[0m\u001b[2m:78:27)\u001b[22m\u001b[2m\u001b[22m\n","name":"/Users/mmock/Projects/fitness-tracker/FitnessTracker/src/components/__tests__/SessionContainer.test.tsx","startTime":1747338689331,"status":"failed","summary":""},{"assertionResults":[{"ancestorTitles":["ExerciseSet"],"duration":410,"failureDetails":[],"failureMessages":[],"fullName":"ExerciseSet renders correctly for an active set","invocations":1,"location":null,"numPassingAsserts":2,"retryReasons":[],"status":"passed","title":"renders correctly for an active set"},{"ancestorTitles":["ExerciseSet"],"duration":37,"failureDetails":[],"failureMessages":[],"fullName":"ExerciseSet renders correctly for a completed set","invocations":1,"location":null,"numPassingAsserts":3,"retryReasons":[],"status":"passed","title":"renders correctly for a completed set"},{"ancestorTitles":["ExerciseSet"],"duration":5,"failureDetails":[],"failureMessages":[],"fullName":"ExerciseSet renders correctly for a duration-based exercise","invocations":1,"location":null,"numPassingAsserts":3,"retryReasons":[],"status":"passed","title":"renders correctly for a duration-based exercise"},{"ancestorTitles":["ExerciseSet"],"duration":17,"failureDetails":[],"failureMessages":[],"fullName":"ExerciseSet handles weight input changes","invocations":1,"location":null,"numPassingAsserts":1,"retryReasons":[],"status":"passed","title":"handles weight input changes"},{"ancestorTitles":["ExerciseSet"],"duration":10,"failureDetails":[],"failureMessages":[],"fullName":"ExerciseSet handles reps input changes","invocations":1,"location":null,"numPassingAsserts":1,"retryReasons":[],"status":"passed","title":"handles reps input changes"},{"ancestorTitles":["ExerciseSet"],"duration":6,"failureDetails":[],"failureMessages":[],"fullName":"ExerciseSet handles check press","invocations":1,"location":null,"numPassingAsserts":1,"retryReasons":[],"status":"passed","title":"handles check press"},{"ancestorTitles":["ExerciseSet"],"duration":5,"failureDetails":[],"failureMessages":[],"fullName":"ExerciseSet handles check press for duration-based exercises","invocations":1,"location":null,"numPassingAsserts":1,"retryReasons":[],"status":"passed","title":"handles check press for duration-based exercises"},{"ancestorTitles":["ExerciseSet"],"duration":6,"failureDetails":[{}],"failureMessages":["TypeError: expect(...).toHaveProp is not a function\n    at Object.toHaveProp (/Users/mmock/Projects/fitness-tracker/FitnessTracker/src/components/__tests__/ExerciseSet.test.tsx:119:39)\n    at Promise.then.completed (/Users/mmock/Projects/fitness-tracker/FitnessTracker/node_modules/jest-circus/build/utils.js:298:28)\n    at new Promise (<anonymous>)\n    at callAsyncCircusFn (/Users/mmock/Projects/fitness-tracker/FitnessTracker/node_modules/jest-circus/build/utils.js:231:10)\n    at _callCircusTest (/Users/mmock/Projects/fitness-tracker/FitnessTracker/node_modules/jest-circus/build/run.js:316:40)\n    at _runTest (/Users/mmock/Projects/fitness-tracker/FitnessTracker/node_modules/jest-circus/build/run.js:252:3)\n    at _runTestsForDescribeBlock (/Users/mmock/Projects/fitness-tracker/FitnessTracker/node_modules/jest-circus/build/run.js:126:9)\n    at _runTestsForDescribeBlock (/Users/mmock/Projects/fitness-tracker/FitnessTracker/node_modules/jest-circus/build/run.js:121:9)\n    at run (/Users/mmock/Projects/fitness-tracker/FitnessTracker/node_modules/jest-circus/build/run.js:71:3)\n    at runAndTransformResultsToJestFormat (/Users/mmock/Projects/fitness-tracker/FitnessTracker/node_modules/jest-circus/build/legacy-code-todo-rewrite/jestAdapterInit.js:122:21)\n    at jestAdapter (/Users/mmock/Projects/fitness-tracker/FitnessTracker/node_modules/jest-circus/build/legacy-code-todo-rewrite/jestAdapter.js:79:19)\n    at runTestInternal (/Users/mmock/Projects/fitness-tracker/FitnessTracker/node_modules/jest-runner/build/runTest.js:367:16)\n    at runTest (/Users/mmock/Projects/fitness-tracker/FitnessTracker/node_modules/jest-runner/build/runTest.js:444:34)\n    at Object.worker (/Users/mmock/Projects/fitness-tracker/FitnessTracker/node_modules/jest-runner/build/testWorker.js:106:12)"],"fullName":"ExerciseSet shows different checkmark styles based on completion state","invocations":1,"location":null,"numPassingAsserts":0,"retryReasons":[],"status":"failed","title":"shows different checkmark styles based on completion state"},{"ancestorTitles":["ExerciseSet"],"duration":103,"failureDetails":[],"failureMessages":[],"fullName":"ExerciseSet disables input for completed sets","invocations":1,"location":null,"numPassingAsserts":2,"retryReasons":[],"status":"passed","title":"disables input for completed sets"},{"ancestorTitles":["ExerciseSet"],"duration":8,"failureDetails":[],"failureMessages":[],"fullName":"ExerciseSet focuses text input when container is pressed","invocations":1,"location":null,"numPassingAsserts":2,"retryReasons":[],"status":"passed","title":"focuses text input when container is pressed"}],"endTime":1747338692611,"message":"\u001b[1m\u001b[31m  \u001b[1m● \u001b[22m\u001b[1mExerciseSet › shows different checkmark styles based on completion state\u001b[39m\u001b[22m\n\n    TypeError: expect(...).toHaveProp is not a function\n\u001b[2m\u001b[22m\n\u001b[2m    \u001b[0m \u001b[90m 117 |\u001b[39m\u001b[22m\n\u001b[2m     \u001b[90m 118 |\u001b[39m     \u001b[90m// Active set should have outline checkmark\u001b[39m\u001b[22m\n\u001b[2m    \u001b[31m\u001b[1m>\u001b[22m\u001b[2m\u001b[39m\u001b[90m 119 |\u001b[39m     expect(getByTestId(\u001b[32m'check-icon'\u001b[39m))\u001b[33m.\u001b[39mtoHaveProp(\u001b[32m'color'\u001b[39m\u001b[33m,\u001b[39m \u001b[32m'#9CA3AF'\u001b[39m)\u001b[33m;\u001b[39m\u001b[22m\n\u001b[2m     \u001b[90m     |\u001b[39m                                       \u001b[31m\u001b[1m^\u001b[22m\u001b[2m\u001b[39m\u001b[22m\n\u001b[2m     \u001b[90m 120 |\u001b[39m\u001b[22m\n\u001b[2m     \u001b[90m 121 |\u001b[39m     \u001b[90m// Completed set that can be unchecked should have green checkmark\u001b[39m\u001b[22m\n\u001b[2m     \u001b[90m 122 |\u001b[39m     rerender(\u001b[33m<\u001b[39m\u001b[33mExerciseSet\u001b[39m {\u001b[33m...\u001b[39mdefaultProps} isCompleted\u001b[33m=\u001b[39m{\u001b[36mtrue\u001b[39m} canBeUnchecked\u001b[33m=\u001b[39m{\u001b[36mtrue\u001b[39m} \u001b[33m/\u001b[39m\u001b[33m>\u001b[39m)\u001b[33m;\u001b[39m\u001b[0m\u001b[22m\n\u001b[2m\u001b[22m\n\u001b[2m      \u001b[2mat Object.toHaveProp (\u001b[22m\u001b[2m\u001b[0m\u001b[36msrc/components/__tests__/ExerciseSet.test.tsx\u001b[39m\u001b[0m\u001b[2m:119:39)\u001b[22m\u001b[2m\u001b[22m\n","name":"/Users/mmock/Projects/fitness-tracker/FitnessTracker/src/components/__tests__/ExerciseSet.test.tsx","startTime":1747338689332,"status":"failed","summary":""},{"assertionResults":[{"ancestorTitles":["ExerciseLibraryScreen"],"duration":367,"failureDetails":[],"failureMessages":[],"fullName":"ExerciseLibraryScreen renders loading spinner initially","invocations":1,"location":null,"numPassingAsserts":1,"retryReasons":[],"status":"passed","title":"renders loading spinner initially"},{"ancestorTitles":["ExerciseLibraryScreen"],"duration":10,"failureDetails":[{}],"failureMessages":["TypeError: expect(...).toHaveTextContent is not a function\n    at Object.toHaveTextContent (/Users/mmock/Projects/fitness-tracker/FitnessTracker/src/screens/__tests__/ExerciseLibraryScreen.test.tsx:178:48)\n    at Generator.next (<anonymous>)\n    at asyncGeneratorStep (/Users/mmock/Projects/fitness-tracker/FitnessTracker/node_modules/@babel/runtime/helpers/asyncToGenerator.js:3:17)\n    at _next (/Users/mmock/Projects/fitness-tracker/FitnessTracker/node_modules/@babel/runtime/helpers/asyncToGenerator.js:17:9)"],"fullName":"ExerciseLibraryScreen displays exercise groups after loading","invocations":1,"location":null,"numPassingAsserts":1,"retryReasons":[],"status":"failed","title":"displays exercise groups after loading"},{"ancestorTitles":["ExerciseLibraryScreen"],"duration":118,"failureDetails":[],"failureMessages":[],"fullName":"ExerciseLibraryScreen navigates back when back button is pressed","invocations":1,"location":null,"numPassingAsserts":1,"retryReasons":[],"status":"passed","title":"navigates back when back button is pressed"},{"ancestorTitles":["ExerciseLibraryScreen"],"duration":14,"failureDetails":[],"failureMessages":[],"fullName":"ExerciseLibraryScreen navigates to AddExercise screen when add button is pressed","invocations":1,"location":null,"numPassingAsserts":1,"retryReasons":[],"status":"passed","title":"navigates to AddExercise screen when add button is pressed"},{"ancestorTitles":["ExerciseLibraryScreen"],"duration":7,"failureDetails":[{}],"failureMessages":["TypeError: expect(...).toHaveTextContent is not a function\n    at Object.toHaveTextContent (/Users/mmock/Projects/fitness-tracker/FitnessTracker/src/screens/__tests__/ExerciseLibraryScreen.test.tsx:247:39)\n    at Generator.next (<anonymous>)\n    at asyncGeneratorStep (/Users/mmock/Projects/fitness-tracker/FitnessTracker/node_modules/@babel/runtime/helpers/asyncToGenerator.js:3:17)\n    at _next (/Users/mmock/Projects/fitness-tracker/FitnessTracker/node_modules/@babel/runtime/helpers/asyncToGenerator.js:17:9)"],"fullName":"ExerciseLibraryScreen refreshes data when returning from AddExercise screen with newExerciseId","invocations":1,"location":null,"numPassingAsserts":1,"retryReasons":[],"status":"failed","title":"refreshes data when returning from AddExercise screen with newExerciseId"},{"ancestorTitles":["ExerciseLibraryScreen"],"duration":43,"failureDetails":[],"failureMessages":[],"fullName":"ExerciseLibraryScreen navigates to ExerciseList and creates session with selected exercises","invocations":1,"location":null,"numPassingAsserts":2,"retryReasons":[],"status":"passed","title":"navigates to ExerciseList and creates session with selected exercises"},{"ancestorTitles":["ExerciseLibraryScreen"],"duration":6,"failureDetails":[],"failureMessages":[],"fullName":"ExerciseLibraryScreen only shows Add to workout button when there are new exercises to add","invocations":1,"location":null,"numPassingAsserts":3,"retryReasons":[],"status":"passed","title":"only shows Add to workout button when there are new exercises to add"},{"ancestorTitles":["ExerciseLibraryScreen"],"duration":8,"failureDetails":[],"failureMessages":[],"fullName":"ExerciseLibraryScreen adds only new exercises to an active session","invocations":1,"location":null,"numPassingAsserts":2,"retryReasons":[],"status":"passed","title":"adds only new exercises to an active session"},{"ancestorTitles":["ExerciseLibraryScreen"],"duration":5,"failureDetails":[],"failureMessages":[],"fullName":"ExerciseLibraryScreen handles data fetching errors gracefully","invocations":1,"location":null,"numPassingAsserts":1,"retryReasons":[],"status":"passed","title":"handles data fetching errors gracefully"},{"ancestorTitles":["ExerciseLibraryScreen"],"duration":7,"failureDetails":[],"failureMessages":[],"fullName":"ExerciseLibraryScreen switches between exercises and routines tabs","invocations":1,"location":null,"numPassingAsserts":1,"retryReasons":[],"status":"passed","title":"switches between exercises and routines tabs"},{"ancestorTitles":["ExerciseLibraryScreen"],"duration":5,"failureDetails":[{}],"failureMessages":["TypeError: expect(...).toHaveTextContent is not a function\n    at Object.toHaveTextContent (/Users/mmock/Projects/fitness-tracker/FitnessTracker/src/screens/__tests__/ExerciseLibraryScreen.test.tsx:466:39)\n    at Generator.next (<anonymous>)\n    at asyncGeneratorStep (/Users/mmock/Projects/fitness-tracker/FitnessTracker/node_modules/@babel/runtime/helpers/asyncToGenerator.js:3:17)\n    at _next (/Users/mmock/Projects/fitness-tracker/FitnessTracker/node_modules/@babel/runtime/helpers/asyncToGenerator.js:17:9)"],"fullName":"ExerciseLibraryScreen handles new exercise selection when navigating from AddExerciseScreen","invocations":1,"location":null,"numPassingAsserts":0,"retryReasons":[],"status":"failed","title":"handles new exercise selection when navigating from AddExerciseScreen"},{"ancestorTitles":["ExerciseLibraryScreen"],"duration":3,"failureDetails":[{}],"failureMessages":["TypeError: expect(...).toHaveTextContent is not a function\n    at Object.toHaveTextContent (/Users/mmock/Projects/fitness-tracker/FitnessTracker/src/screens/__tests__/ExerciseLibraryScreen.test.tsx:494:39)\n    at Generator.next (<anonymous>)\n    at asyncGeneratorStep (/Users/mmock/Projects/fitness-tracker/FitnessTracker/node_modules/@babel/runtime/helpers/asyncToGenerator.js:3:17)\n    at _next (/Users/mmock/Projects/fitness-tracker/FitnessTracker/node_modules/@babel/runtime/helpers/asyncToGenerator.js:17:9)"],"fullName":"ExerciseLibraryScreen handles navigation from AddExerciseScreen with newExerciseId","invocations":1,"location":null,"numPassingAsserts":0,"retryReasons":[],"status":"failed","title":"handles navigation from AddExerciseScreen with newExerciseId"}],"endTime":1747338692647,"message":"\u001b[1m\u001b[31m  \u001b[1m● \u001b[22m\u001b[1mExerciseLibraryScreen › displays exercise groups after loading\u001b[39m\u001b[22m\n\n    TypeError: expect(...).toHaveTextContent is not a function\n\u001b[2m\u001b[22m\n\u001b[2m    \u001b[0m \u001b[90m 176 |\u001b[39m     \u001b[36mconst\u001b[39m { getByTestId } \u001b[33m=\u001b[39m \u001b[36mawait\u001b[39m renderAndWait()\u001b[33m;\u001b[39m\u001b[22m\n\u001b[2m     \u001b[90m 177 |\u001b[39m     expect(getByTestId(\u001b[32m'exercise-type-card'\u001b[39m))\u001b[33m.\u001b[39mtoBeTruthy()\u001b[33m;\u001b[39m\u001b[22m\n\u001b[2m    \u001b[31m\u001b[1m>\u001b[22m\u001b[2m\u001b[39m\u001b[90m 178 |\u001b[39m     expect(getByTestId(\u001b[32m'exercise-type-title'\u001b[39m))\u001b[33m.\u001b[39mtoHaveTextContent(\u001b[32m'Category 1'\u001b[39m)\u001b[33m;\u001b[39m\u001b[22m\n\u001b[2m     \u001b[90m     |\u001b[39m                                                \u001b[31m\u001b[1m^\u001b[22m\u001b[2m\u001b[39m\u001b[22m\n\u001b[2m     \u001b[90m 179 |\u001b[39m     expect(getByTestId(\u001b[32m'exercise-type-count'\u001b[39m))\u001b[33m.\u001b[39mtoHaveTextContent(\u001b[32m'2 exercises'\u001b[39m)\u001b[33m;\u001b[39m\u001b[22m\n\u001b[2m     \u001b[90m 180 |\u001b[39m   })\u001b[33m;\u001b[39m\u001b[22m\n\u001b[2m     \u001b[90m 181 |\u001b[39m\u001b[0m\u001b[22m\n\u001b[2m\u001b[22m\n\u001b[2m      \u001b[2mat Object.toHaveTextContent (\u001b[22m\u001b[2m\u001b[0m\u001b[36msrc/screens/__tests__/ExerciseLibraryScreen.test.tsx\u001b[39m\u001b[0m\u001b[2m:178:48)\u001b[22m\u001b[2m\u001b[22m\n\u001b[2m      \u001b[2mat asyncGeneratorStep (\u001b[22m\u001b[2mnode_modules/@babel/runtime/helpers/asyncToGenerator.js\u001b[2m:3:17)\u001b[22m\u001b[2m\u001b[22m\n\u001b[2m      \u001b[2mat _next (\u001b[22m\u001b[2mnode_modules/@babel/runtime/helpers/asyncToGenerator.js\u001b[2m:17:9)\u001b[22m\u001b[2m\u001b[22m\n\n\u001b[1m\u001b[31m  \u001b[1m● \u001b[22m\u001b[1mExerciseLibraryScreen › refreshes data when returning from AddExercise screen with newExerciseId\u001b[39m\u001b[22m\n\n    TypeError: expect(...).toHaveTextContent is not a function\n\u001b[2m\u001b[22m\n\u001b[2m    \u001b[0m \u001b[90m 245 |\u001b[39m     \u001b[22m\n\u001b[2m     \u001b[90m 246 |\u001b[39m     \u001b[90m// Verify that the exercises tab is active and the exercise is selected\u001b[39m\u001b[22m\n\u001b[2m    \u001b[31m\u001b[1m>\u001b[22m\u001b[2m\u001b[39m\u001b[90m 247 |\u001b[39m     expect(getByTestId(\u001b[32m'active-tab'\u001b[39m))\u001b[33m.\u001b[39mtoHaveTextContent(\u001b[32m'exercises'\u001b[39m)\u001b[33m;\u001b[39m\u001b[22m\n\u001b[2m     \u001b[90m     |\u001b[39m                                       \u001b[31m\u001b[1m^\u001b[22m\u001b[2m\u001b[39m\u001b[22m\n\u001b[2m     \u001b[90m 248 |\u001b[39m     expect(getByTestId(\u001b[32m'selected-exercise-count'\u001b[39m))\u001b[33m.\u001b[39mtoHaveTextContent(\u001b[32m'1 selected'\u001b[39m)\u001b[33m;\u001b[39m\u001b[22m\n\u001b[2m     \u001b[90m 249 |\u001b[39m   })\u001b[33m;\u001b[39m\u001b[22m\n\u001b[2m     \u001b[90m 250 |\u001b[39m\u001b[0m\u001b[22m\n\u001b[2m\u001b[22m\n\u001b[2m      \u001b[2mat Object.toHaveTextContent (\u001b[22m\u001b[2m\u001b[0m\u001b[36msrc/screens/__tests__/ExerciseLibraryScreen.test.tsx\u001b[39m\u001b[0m\u001b[2m:247:39)\u001b[22m\u001b[2m\u001b[22m\n\u001b[2m      \u001b[2mat asyncGeneratorStep (\u001b[22m\u001b[2mnode_modules/@babel/runtime/helpers/asyncToGenerator.js\u001b[2m:3:17)\u001b[22m\u001b[2m\u001b[22m\n\u001b[2m      \u001b[2mat _next (\u001b[22m\u001b[2mnode_modules/@babel/runtime/helpers/asyncToGenerator.js\u001b[2m:17:9)\u001b[22m\u001b[2m\u001b[22m\n\n\u001b[1m\u001b[31m  \u001b[1m● \u001b[22m\u001b[1mExerciseLibraryScreen › handles new exercise selection when navigating from AddExerciseScreen\u001b[39m\u001b[22m\n\n    TypeError: expect(...).toHaveTextContent is not a function\n\u001b[2m\u001b[22m\n\u001b[2m    \u001b[0m \u001b[90m 464 |\u001b[39m     \u001b[22m\n\u001b[2m     \u001b[90m 465 |\u001b[39m     \u001b[90m// Verify that the exercises tab is active and the exercise is selected\u001b[39m\u001b[22m\n\u001b[2m    \u001b[31m\u001b[1m>\u001b[22m\u001b[2m\u001b[39m\u001b[90m 466 |\u001b[39m     expect(getByTestId(\u001b[32m'active-tab'\u001b[39m))\u001b[33m.\u001b[39mtoHaveTextContent(\u001b[32m'exercises'\u001b[39m)\u001b[33m;\u001b[39m\u001b[22m\n\u001b[2m     \u001b[90m     |\u001b[39m                                       \u001b[31m\u001b[1m^\u001b[22m\u001b[2m\u001b[39m\u001b[22m\n\u001b[2m     \u001b[90m 467 |\u001b[39m     expect(getByTestId(\u001b[32m'selected-exercise-count'\u001b[39m))\u001b[33m.\u001b[39mtoHaveTextContent(\u001b[32m'1 selected'\u001b[39m)\u001b[33m;\u001b[39m\u001b[22m\n\u001b[2m     \u001b[90m 468 |\u001b[39m   })\u001b[33m;\u001b[39m\u001b[22m\n\u001b[2m     \u001b[90m 469 |\u001b[39m\u001b[0m\u001b[22m\n\u001b[2m\u001b[22m\n\u001b[2m      \u001b[2mat Object.toHaveTextContent (\u001b[22m\u001b[2m\u001b[0m\u001b[36msrc/screens/__tests__/ExerciseLibraryScreen.test.tsx\u001b[39m\u001b[0m\u001b[2m:466:39)\u001b[22m\u001b[2m\u001b[22m\n\u001b[2m      \u001b[2mat asyncGeneratorStep (\u001b[22m\u001b[2mnode_modules/@babel/runtime/helpers/asyncToGenerator.js\u001b[2m:3:17)\u001b[22m\u001b[2m\u001b[22m\n\u001b[2m      \u001b[2mat _next (\u001b[22m\u001b[2mnode_modules/@babel/runtime/helpers/asyncToGenerator.js\u001b[2m:17:9)\u001b[22m\u001b[2m\u001b[22m\n\n\u001b[1m\u001b[31m  \u001b[1m● \u001b[22m\u001b[1mExerciseLibraryScreen › handles navigation from AddExerciseScreen with newExerciseId\u001b[39m\u001b[22m\n\n    TypeError: expect(...).toHaveTextContent is not a function\n\u001b[2m\u001b[22m\n\u001b[2m    \u001b[0m \u001b[90m 492 |\u001b[39m     \u001b[22m\n\u001b[2m     \u001b[90m 493 |\u001b[39m     \u001b[90m// Verify that the exercises tab is active and the new exercise is selected\u001b[39m\u001b[22m\n\u001b[2m    \u001b[31m\u001b[1m>\u001b[22m\u001b[2m\u001b[39m\u001b[90m 494 |\u001b[39m     expect(getByTestId(\u001b[32m'active-tab'\u001b[39m))\u001b[33m.\u001b[39mtoHaveTextContent(\u001b[32m'exercises'\u001b[39m)\u001b[33m;\u001b[39m\u001b[22m\n\u001b[2m     \u001b[90m     |\u001b[39m                                       \u001b[31m\u001b[1m^\u001b[22m\u001b[2m\u001b[39m\u001b[22m\n\u001b[2m     \u001b[90m 495 |\u001b[39m     expect(getByTestId(\u001b[32m'selected-exercise-id'\u001b[39m))\u001b[33m.\u001b[39mtoHaveTextContent(newExerciseId)\u001b[33m;\u001b[39m\u001b[22m\n\u001b[2m     \u001b[90m 496 |\u001b[39m   })\u001b[33m;\u001b[39m\u001b[22m\n\u001b[2m     \u001b[90m 497 |\u001b[39m })\u001b[33m;\u001b[39m \u001b[0m\u001b[22m\n\u001b[2m\u001b[22m\n\u001b[2m      \u001b[2mat Object.toHaveTextContent (\u001b[22m\u001b[2m\u001b[0m\u001b[36msrc/screens/__tests__/ExerciseLibraryScreen.test.tsx\u001b[39m\u001b[0m\u001b[2m:494:39)\u001b[22m\u001b[2m\u001b[22m\n\u001b[2m      \u001b[2mat asyncGeneratorStep (\u001b[22m\u001b[2mnode_modules/@babel/runtime/helpers/asyncToGenerator.js\u001b[2m:3:17)\u001b[22m\u001b[2m\u001b[22m\n\u001b[2m      \u001b[2mat _next (\u001b[22m\u001b[2mnode_modules/@babel/runtime/helpers/asyncToGenerator.js\u001b[2m:17:9)\u001b[22m\u001b[2m\u001b[22m\n","name":"/Users/mmock/Projects/fitness-tracker/FitnessTracker/src/screens/__tests__/ExerciseLibraryScreen.test.tsx","startTime":1747338689312,"status":"failed","summary":""},{"assertionResults":[{"ancestorTitles":["ExerciseSetGroup"],"duration":452,"failureDetails":[{}],"failureMessages":["ReferenceError: setImmediate is not defined\n    at _nextUpdateHandle (/Users/mmock/Projects/fitness-tracker/FitnessTracker/node_modules/react-native/Libraries/Interaction/InteractionManager.js:179:7)\n    at Object._scheduleUpdate [as createInteractionHandle] (/Users/mmock/Projects/fitness-tracker/FitnessTracker/node_modules/react-native/Libraries/Interaction/InteractionManager.js:127:5)\n    at AnimatedValue.createInteractionHandle [as animate] (/Users/mmock/Projects/fitness-tracker/FitnessTracker/node_modules/react-native/Libraries/Animated/nodes/AnimatedValue.js:308:35)\n    at animate (/Users/mmock/Projects/fitness-tracker/FitnessTracker/node_modules/react-native/Libraries/Animated/AnimatedImplementation.js:231:19)\n    at Object.start (/Users/mmock/Projects/fitness-tracker/FitnessTracker/node_modules/react-native/Libraries/Animated/AnimatedImplementation.js:238:9)\n    at start (/Users/mmock/Projects/fitness-tracker/FitnessTracker/src/components/ExerciseSetGroup.tsx:56:8)\n    at Object.react-stack-bottom-frame (/Users/mmock/Projects/fitness-tracker/FitnessTracker/node_modules/react-test-renderer/cjs/react-test-renderer.development.js:12760:20)\n    at runWithFiberInDEV (/Users/mmock/Projects/fitness-tracker/FitnessTracker/node_modules/react-test-renderer/cjs/react-test-renderer.development.js:540:16)\n    at commitHookEffectListMount (/Users/mmock/Projects/fitness-tracker/FitnessTracker/node_modules/react-test-renderer/cjs/react-test-renderer.development.js:8226:29)\n    at commitHookPassiveMountEffects (/Users/mmock/Projects/fitness-tracker/FitnessTracker/node_modules/react-test-renderer/cjs/react-test-renderer.development.js:8312:11)\n    at commitPassiveMountOnFiber (/Users/mmock/Projects/fitness-tracker/FitnessTracker/node_modules/react-test-renderer/cjs/react-test-renderer.development.js:9672:13)\n    at recursivelyTraversePassiveMountEffects (/Users/mmock/Projects/fitness-tracker/FitnessTracker/node_modules/react-test-renderer/cjs/react-test-renderer.development.js:9646:11)\n    at commitPassiveMountOnFiber (/Users/mmock/Projects/fitness-tracker/FitnessTracker/node_modules/react-test-renderer/cjs/react-test-renderer.development.js:9676:11)\n    at flushPassiveEffects (/Users/mmock/Projects/fitness-tracker/FitnessTracker/node_modules/react-test-renderer/cjs/react-test-renderer.development.js:11277:13)\n    at /Users/mmock/Projects/fitness-tracker/FitnessTracker/node_modules/react-test-renderer/cjs/react-test-renderer.development.js:11159:11\n    at flushActQueue (/Users/mmock/Projects/fitness-tracker/FitnessTracker/node_modules/react/cjs/react.development.js:862:34)\n    at Object.<anonymous>.process.env.NODE_ENV.exports.act (/Users/mmock/Projects/fitness-tracker/FitnessTracker/node_modules/react/cjs/react.development.js:1151:10)\n    at actImplementation (/Users/mmock/Projects/fitness-tracker/FitnessTracker/node_modules/@testing-library/react-native/src/act.ts:30:25)\n    at renderWithAct (/Users/mmock/Projects/fitness-tracker/FitnessTracker/node_modules/@testing-library/react-native/src/render-act.ts:12:11)\n    at renderInternal (/Users/mmock/Projects/fitness-tracker/FitnessTracker/node_modules/@testing-library/react-native/src/render.tsx:81:33)\n    at renderInternal (/Users/mmock/Projects/fitness-tracker/FitnessTracker/node_modules/@testing-library/react-native/src/render.tsx:44:10)\n    at Object.<anonymous> (/Users/mmock/Projects/fitness-tracker/FitnessTracker/src/components/__tests__/ExerciseSetGroup.test.tsx:69:46)\n    at Generator.next (<anonymous>)\n    at asyncGeneratorStep (/Users/mmock/Projects/fitness-tracker/FitnessTracker/node_modules/@babel/runtime/helpers/asyncToGenerator.js:3:17)\n    at _next (/Users/mmock/Projects/fitness-tracker/FitnessTracker/node_modules/@babel/runtime/helpers/asyncToGenerator.js:17:9)\n    at /Users/mmock/Projects/fitness-tracker/FitnessTracker/node_modules/@babel/runtime/helpers/asyncToGenerator.js:22:7\n    at new Promise (<anonymous>)\n    at Object.<anonymous> (/Users/mmock/Projects/fitness-tracker/FitnessTracker/node_modules/@babel/runtime/helpers/asyncToGenerator.js:14:12)\n    at Promise.then.completed (/Users/mmock/Projects/fitness-tracker/FitnessTracker/node_modules/jest-circus/build/utils.js:298:28)\n    at new Promise (<anonymous>)\n    at callAsyncCircusFn (/Users/mmock/Projects/fitness-tracker/FitnessTracker/node_modules/jest-circus/build/utils.js:231:10)\n    at _callCircusTest (/Users/mmock/Projects/fitness-tracker/FitnessTracker/node_modules/jest-circus/build/run.js:316:40)\n    at processTicksAndRejections (node:internal/process/task_queues:105:5)\n    at _runTest (/Users/mmock/Projects/fitness-tracker/FitnessTracker/node_modules/jest-circus/build/run.js:252:3)\n    at _runTestsForDescribeBlock (/Users/mmock/Projects/fitness-tracker/FitnessTracker/node_modules/jest-circus/build/run.js:126:9)\n    at _runTestsForDescribeBlock (/Users/mmock/Projects/fitness-tracker/FitnessTracker/node_modules/jest-circus/build/run.js:121:9)\n    at run (/Users/mmock/Projects/fitness-tracker/FitnessTracker/node_modules/jest-circus/build/run.js:71:3)\n    at runAndTransformResultsToJestFormat (/Users/mmock/Projects/fitness-tracker/FitnessTracker/node_modules/jest-circus/build/legacy-code-todo-rewrite/jestAdapterInit.js:122:21)\n    at jestAdapter (/Users/mmock/Projects/fitness-tracker/FitnessTracker/node_modules/jest-circus/build/legacy-code-todo-rewrite/jestAdapter.js:79:19)\n    at runTestInternal (/Users/mmock/Projects/fitness-tracker/FitnessTracker/node_modules/jest-runner/build/runTest.js:367:16)\n    at runTest (/Users/mmock/Projects/fitness-tracker/FitnessTracker/node_modules/jest-runner/build/runTest.js:444:34)\n    at Object.worker (/Users/mmock/Projects/fitness-tracker/FitnessTracker/node_modules/jest-runner/build/testWorker.js:106:12)"],"fullName":"ExerciseSetGroup renders exercise name and initial state","invocations":1,"location":null,"numPassingAsserts":0,"retryReasons":[],"status":"failed","title":"renders exercise name and initial state"},{"ancestorTitles":["ExerciseSetGroup"],"duration":7,"failureDetails":[{}],"failureMessages":["ReferenceError: setImmediate is not defined\n    at _nextUpdateHandle (/Users/mmock/Projects/fitness-tracker/FitnessTracker/node_modules/react-native/Libraries/Interaction/InteractionManager.js:179:7)\n    at Object._scheduleUpdate [as createInteractionHandle] (/Users/mmock/Projects/fitness-tracker/FitnessTracker/node_modules/react-native/Libraries/Interaction/InteractionManager.js:127:5)\n    at AnimatedValue.createInteractionHandle [as animate] (/Users/mmock/Projects/fitness-tracker/FitnessTracker/node_modules/react-native/Libraries/Animated/nodes/AnimatedValue.js:308:35)\n    at animate (/Users/mmock/Projects/fitness-tracker/FitnessTracker/node_modules/react-native/Libraries/Animated/AnimatedImplementation.js:231:19)\n    at Object.start (/Users/mmock/Projects/fitness-tracker/FitnessTracker/node_modules/react-native/Libraries/Animated/AnimatedImplementation.js:238:9)\n    at start (/Users/mmock/Projects/fitness-tracker/FitnessTracker/src/components/ExerciseSetGroup.tsx:56:8)\n    at Object.react-stack-bottom-frame (/Users/mmock/Projects/fitness-tracker/FitnessTracker/node_modules/react-test-renderer/cjs/react-test-renderer.development.js:12760:20)\n    at runWithFiberInDEV (/Users/mmock/Projects/fitness-tracker/FitnessTracker/node_modules/react-test-renderer/cjs/react-test-renderer.development.js:540:16)\n    at commitHookEffectListMount (/Users/mmock/Projects/fitness-tracker/FitnessTracker/node_modules/react-test-renderer/cjs/react-test-renderer.development.js:8226:29)\n    at commitHookPassiveMountEffects (/Users/mmock/Projects/fitness-tracker/FitnessTracker/node_modules/react-test-renderer/cjs/react-test-renderer.development.js:8312:11)\n    at commitPassiveMountOnFiber (/Users/mmock/Projects/fitness-tracker/FitnessTracker/node_modules/react-test-renderer/cjs/react-test-renderer.development.js:9672:13)\n    at recursivelyTraversePassiveMountEffects (/Users/mmock/Projects/fitness-tracker/FitnessTracker/node_modules/react-test-renderer/cjs/react-test-renderer.development.js:9646:11)\n    at commitPassiveMountOnFiber (/Users/mmock/Projects/fitness-tracker/FitnessTracker/node_modules/react-test-renderer/cjs/react-test-renderer.development.js:9676:11)\n    at flushPassiveEffects (/Users/mmock/Projects/fitness-tracker/FitnessTracker/node_modules/react-test-renderer/cjs/react-test-renderer.development.js:11277:13)\n    at /Users/mmock/Projects/fitness-tracker/FitnessTracker/node_modules/react-test-renderer/cjs/react-test-renderer.development.js:11159:11\n    at flushActQueue (/Users/mmock/Projects/fitness-tracker/FitnessTracker/node_modules/react/cjs/react.development.js:862:34)\n    at Object.<anonymous>.process.env.NODE_ENV.exports.act (/Users/mmock/Projects/fitness-tracker/FitnessTracker/node_modules/react/cjs/react.development.js:1151:10)\n    at actImplementation (/Users/mmock/Projects/fitness-tracker/FitnessTracker/node_modules/@testing-library/react-native/src/act.ts:30:25)\n    at renderWithAct (/Users/mmock/Projects/fitness-tracker/FitnessTracker/node_modules/@testing-library/react-native/src/render-act.ts:12:11)\n    at renderInternal (/Users/mmock/Projects/fitness-tracker/FitnessTracker/node_modules/@testing-library/react-native/src/render.tsx:81:33)\n    at renderInternal (/Users/mmock/Projects/fitness-tracker/FitnessTracker/node_modules/@testing-library/react-native/src/render.tsx:44:10)\n    at Object.<anonymous> (/Users/mmock/Projects/fitness-tracker/FitnessTracker/src/components/__tests__/ExerciseSetGroup.test.tsx:87:59)\n    at Generator.next (<anonymous>)\n    at asyncGeneratorStep (/Users/mmock/Projects/fitness-tracker/FitnessTracker/node_modules/@babel/runtime/helpers/asyncToGenerator.js:3:17)\n    at _next (/Users/mmock/Projects/fitness-tracker/FitnessTracker/node_modules/@babel/runtime/helpers/asyncToGenerator.js:17:9)\n    at /Users/mmock/Projects/fitness-tracker/FitnessTracker/node_modules/@babel/runtime/helpers/asyncToGenerator.js:22:7\n    at new Promise (<anonymous>)\n    at Object.<anonymous> (/Users/mmock/Projects/fitness-tracker/FitnessTracker/node_modules/@babel/runtime/helpers/asyncToGenerator.js:14:12)\n    at Promise.then.completed (/Users/mmock/Projects/fitness-tracker/FitnessTracker/node_modules/jest-circus/build/utils.js:298:28)\n    at new Promise (<anonymous>)\n    at callAsyncCircusFn (/Users/mmock/Projects/fitness-tracker/FitnessTracker/node_modules/jest-circus/build/utils.js:231:10)\n    at _callCircusTest (/Users/mmock/Projects/fitness-tracker/FitnessTracker/node_modules/jest-circus/build/run.js:316:40)\n    at _runTest (/Users/mmock/Projects/fitness-tracker/FitnessTracker/node_modules/jest-circus/build/run.js:252:3)\n    at _runTestsForDescribeBlock (/Users/mmock/Projects/fitness-tracker/FitnessTracker/node_modules/jest-circus/build/run.js:126:9)\n    at _runTestsForDescribeBlock (/Users/mmock/Projects/fitness-tracker/FitnessTracker/node_modules/jest-circus/build/run.js:121:9)\n    at run (/Users/mmock/Projects/fitness-tracker/FitnessTracker/node_modules/jest-circus/build/run.js:71:3)\n    at runAndTransformResultsToJestFormat (/Users/mmock/Projects/fitness-tracker/FitnessTracker/node_modules/jest-circus/build/legacy-code-todo-rewrite/jestAdapterInit.js:122:21)\n    at jestAdapter (/Users/mmock/Projects/fitness-tracker/FitnessTracker/node_modules/jest-circus/build/legacy-code-todo-rewrite/jestAdapter.js:79:19)\n    at runTestInternal (/Users/mmock/Projects/fitness-tracker/FitnessTracker/node_modules/jest-runner/build/runTest.js:367:16)\n    at runTest (/Users/mmock/Projects/fitness-tracker/FitnessTracker/node_modules/jest-runner/build/runTest.js:444:34)\n    at Object.worker (/Users/mmock/Projects/fitness-tracker/FitnessTracker/node_modules/jest-runner/build/testWorker.js:106:12)"],"fullName":"ExerciseSetGroup expands and collapses when header is pressed","invocations":1,"location":null,"numPassingAsserts":0,"retryReasons":[],"status":"failed","title":"expands and collapses when header is pressed"},{"ancestorTitles":["ExerciseSetGroup"],"duration":6,"failureDetails":[{}],"failureMessages":["ReferenceError: setImmediate is not defined\n    at _nextUpdateHandle (/Users/mmock/Projects/fitness-tracker/FitnessTracker/node_modules/react-native/Libraries/Interaction/InteractionManager.js:179:7)\n    at Object._scheduleUpdate [as createInteractionHandle] (/Users/mmock/Projects/fitness-tracker/FitnessTracker/node_modules/react-native/Libraries/Interaction/InteractionManager.js:127:5)\n    at AnimatedValue.createInteractionHandle [as animate] (/Users/mmock/Projects/fitness-tracker/FitnessTracker/node_modules/react-native/Libraries/Animated/nodes/AnimatedValue.js:308:35)\n    at animate (/Users/mmock/Projects/fitness-tracker/FitnessTracker/node_modules/react-native/Libraries/Animated/AnimatedImplementation.js:231:19)\n    at Object.start (/Users/mmock/Projects/fitness-tracker/FitnessTracker/node_modules/react-native/Libraries/Animated/AnimatedImplementation.js:238:9)\n    at start (/Users/mmock/Projects/fitness-tracker/FitnessTracker/src/components/ExerciseSetGroup.tsx:56:8)\n    at Object.react-stack-bottom-frame (/Users/mmock/Projects/fitness-tracker/FitnessTracker/node_modules/react-test-renderer/cjs/react-test-renderer.development.js:12760:20)\n    at runWithFiberInDEV (/Users/mmock/Projects/fitness-tracker/FitnessTracker/node_modules/react-test-renderer/cjs/react-test-renderer.development.js:540:16)\n    at commitHookEffectListMount (/Users/mmock/Projects/fitness-tracker/FitnessTracker/node_modules/react-test-renderer/cjs/react-test-renderer.development.js:8226:29)\n    at commitHookPassiveMountEffects (/Users/mmock/Projects/fitness-tracker/FitnessTracker/node_modules/react-test-renderer/cjs/react-test-renderer.development.js:8312:11)\n    at commitPassiveMountOnFiber (/Users/mmock/Projects/fitness-tracker/FitnessTracker/node_modules/react-test-renderer/cjs/react-test-renderer.development.js:9672:13)\n    at recursivelyTraversePassiveMountEffects (/Users/mmock/Projects/fitness-tracker/FitnessTracker/node_modules/react-test-renderer/cjs/react-test-renderer.development.js:9646:11)\n    at commitPassiveMountOnFiber (/Users/mmock/Projects/fitness-tracker/FitnessTracker/node_modules/react-test-renderer/cjs/react-test-renderer.development.js:9676:11)\n    at flushPassiveEffects (/Users/mmock/Projects/fitness-tracker/FitnessTracker/node_modules/react-test-renderer/cjs/react-test-renderer.development.js:11277:13)\n    at /Users/mmock/Projects/fitness-tracker/FitnessTracker/node_modules/react-test-renderer/cjs/react-test-renderer.development.js:11159:11\n    at flushActQueue (/Users/mmock/Projects/fitness-tracker/FitnessTracker/node_modules/react/cjs/react.development.js:862:34)\n    at Object.<anonymous>.process.env.NODE_ENV.exports.act (/Users/mmock/Projects/fitness-tracker/FitnessTracker/node_modules/react/cjs/react.development.js:1151:10)\n    at actImplementation (/Users/mmock/Projects/fitness-tracker/FitnessTracker/node_modules/@testing-library/react-native/src/act.ts:30:25)\n    at renderWithAct (/Users/mmock/Projects/fitness-tracker/FitnessTracker/node_modules/@testing-library/react-native/src/render-act.ts:12:11)\n    at renderInternal (/Users/mmock/Projects/fitness-tracker/FitnessTracker/node_modules/@testing-library/react-native/src/render.tsx:81:33)\n    at renderInternal (/Users/mmock/Projects/fitness-tracker/FitnessTracker/node_modules/@testing-library/react-native/src/render.tsx:44:10)\n    at Object.<anonymous> (/Users/mmock/Projects/fitness-tracker/FitnessTracker/src/components/__tests__/ExerciseSetGroup.test.tsx:109:62)\n    at Generator.next (<anonymous>)\n    at asyncGeneratorStep (/Users/mmock/Projects/fitness-tracker/FitnessTracker/node_modules/@babel/runtime/helpers/asyncToGenerator.js:3:17)\n    at _next (/Users/mmock/Projects/fitness-tracker/FitnessTracker/node_modules/@babel/runtime/helpers/asyncToGenerator.js:17:9)\n    at /Users/mmock/Projects/fitness-tracker/FitnessTracker/node_modules/@babel/runtime/helpers/asyncToGenerator.js:22:7\n    at new Promise (<anonymous>)\n    at Object.<anonymous> (/Users/mmock/Projects/fitness-tracker/FitnessTracker/node_modules/@babel/runtime/helpers/asyncToGenerator.js:14:12)\n    at Promise.then.completed (/Users/mmock/Projects/fitness-tracker/FitnessTracker/node_modules/jest-circus/build/utils.js:298:28)\n    at new Promise (<anonymous>)\n    at callAsyncCircusFn (/Users/mmock/Projects/fitness-tracker/FitnessTracker/node_modules/jest-circus/build/utils.js:231:10)\n    at _callCircusTest (/Users/mmock/Projects/fitness-tracker/FitnessTracker/node_modules/jest-circus/build/run.js:316:40)\n    at _runTest (/Users/mmock/Projects/fitness-tracker/FitnessTracker/node_modules/jest-circus/build/run.js:252:3)\n    at _runTestsForDescribeBlock (/Users/mmock/Projects/fitness-tracker/FitnessTracker/node_modules/jest-circus/build/run.js:126:9)\n    at _runTestsForDescribeBlock (/Users/mmock/Projects/fitness-tracker/FitnessTracker/node_modules/jest-circus/build/run.js:121:9)\n    at run (/Users/mmock/Projects/fitness-tracker/FitnessTracker/node_modules/jest-circus/build/run.js:71:3)\n    at runAndTransformResultsToJestFormat (/Users/mmock/Projects/fitness-tracker/FitnessTracker/node_modules/jest-circus/build/legacy-code-todo-rewrite/jestAdapterInit.js:122:21)\n    at jestAdapter (/Users/mmock/Projects/fitness-tracker/FitnessTracker/node_modules/jest-circus/build/legacy-code-todo-rewrite/jestAdapter.js:79:19)\n    at runTestInternal (/Users/mmock/Projects/fitness-tracker/FitnessTracker/node_modules/jest-runner/build/runTest.js:367:16)\n    at runTest (/Users/mmock/Projects/fitness-tracker/FitnessTracker/node_modules/jest-runner/build/runTest.js:444:34)\n    at Object.worker (/Users/mmock/Projects/fitness-tracker/FitnessTracker/node_modules/jest-runner/build/testWorker.js:106:12)"],"fullName":"ExerciseSetGroup manages sets completion correctly","invocations":1,"location":null,"numPassingAsserts":0,"retryReasons":[],"status":"failed","title":"manages sets completion correctly"},{"ancestorTitles":["ExerciseSetGroup"],"duration":6,"failureDetails":[{}],"failureMessages":["ReferenceError: setImmediate is not defined\n    at _nextUpdateHandle (/Users/mmock/Projects/fitness-tracker/FitnessTracker/node_modules/react-native/Libraries/Interaction/InteractionManager.js:179:7)\n    at Object._scheduleUpdate [as createInteractionHandle] (/Users/mmock/Projects/fitness-tracker/FitnessTracker/node_modules/react-native/Libraries/Interaction/InteractionManager.js:127:5)\n    at AnimatedValue.createInteractionHandle [as animate] (/Users/mmock/Projects/fitness-tracker/FitnessTracker/node_modules/react-native/Libraries/Animated/nodes/AnimatedValue.js:308:35)\n    at animate (/Users/mmock/Projects/fitness-tracker/FitnessTracker/node_modules/react-native/Libraries/Animated/AnimatedImplementation.js:231:19)\n    at Object.start (/Users/mmock/Projects/fitness-tracker/FitnessTracker/node_modules/react-native/Libraries/Animated/AnimatedImplementation.js:238:9)\n    at start (/Users/mmock/Projects/fitness-tracker/FitnessTracker/src/components/ExerciseSetGroup.tsx:56:8)\n    at Object.react-stack-bottom-frame (/Users/mmock/Projects/fitness-tracker/FitnessTracker/node_modules/react-test-renderer/cjs/react-test-renderer.development.js:12760:20)\n    at runWithFiberInDEV (/Users/mmock/Projects/fitness-tracker/FitnessTracker/node_modules/react-test-renderer/cjs/react-test-renderer.development.js:540:16)\n    at commitHookEffectListMount (/Users/mmock/Projects/fitness-tracker/FitnessTracker/node_modules/react-test-renderer/cjs/react-test-renderer.development.js:8226:29)\n    at commitHookPassiveMountEffects (/Users/mmock/Projects/fitness-tracker/FitnessTracker/node_modules/react-test-renderer/cjs/react-test-renderer.development.js:8312:11)\n    at commitPassiveMountOnFiber (/Users/mmock/Projects/fitness-tracker/FitnessTracker/node_modules/react-test-renderer/cjs/react-test-renderer.development.js:9672:13)\n    at recursivelyTraversePassiveMountEffects (/Users/mmock/Projects/fitness-tracker/FitnessTracker/node_modules/react-test-renderer/cjs/react-test-renderer.development.js:9646:11)\n    at commitPassiveMountOnFiber (/Users/mmock/Projects/fitness-tracker/FitnessTracker/node_modules/react-test-renderer/cjs/react-test-renderer.development.js:9676:11)\n    at flushPassiveEffects (/Users/mmock/Projects/fitness-tracker/FitnessTracker/node_modules/react-test-renderer/cjs/react-test-renderer.development.js:11277:13)\n    at /Users/mmock/Projects/fitness-tracker/FitnessTracker/node_modules/react-test-renderer/cjs/react-test-renderer.development.js:11159:11\n    at flushActQueue (/Users/mmock/Projects/fitness-tracker/FitnessTracker/node_modules/react/cjs/react.development.js:862:34)\n    at Object.<anonymous>.process.env.NODE_ENV.exports.act (/Users/mmock/Projects/fitness-tracker/FitnessTracker/node_modules/react/cjs/react.development.js:1151:10)\n    at actImplementation (/Users/mmock/Projects/fitness-tracker/FitnessTracker/node_modules/@testing-library/react-native/src/act.ts:30:25)\n    at renderWithAct (/Users/mmock/Projects/fitness-tracker/FitnessTracker/node_modules/@testing-library/react-native/src/render-act.ts:12:11)\n    at renderInternal (/Users/mmock/Projects/fitness-tracker/FitnessTracker/node_modules/@testing-library/react-native/src/render.tsx:81:33)\n    at renderInternal (/Users/mmock/Projects/fitness-tracker/FitnessTracker/node_modules/@testing-library/react-native/src/render.tsx:44:10)\n    at Object.<anonymous> (/Users/mmock/Projects/fitness-tracker/FitnessTracker/src/components/__tests__/ExerciseSetGroup.test.tsx:134:65)\n    at Generator.next (<anonymous>)\n    at asyncGeneratorStep (/Users/mmock/Projects/fitness-tracker/FitnessTracker/node_modules/@babel/runtime/helpers/asyncToGenerator.js:3:17)\n    at _next (/Users/mmock/Projects/fitness-tracker/FitnessTracker/node_modules/@babel/runtime/helpers/asyncToGenerator.js:17:9)\n    at /Users/mmock/Projects/fitness-tracker/FitnessTracker/node_modules/@babel/runtime/helpers/asyncToGenerator.js:22:7\n    at new Promise (<anonymous>)\n    at Object.<anonymous> (/Users/mmock/Projects/fitness-tracker/FitnessTracker/node_modules/@babel/runtime/helpers/asyncToGenerator.js:14:12)\n    at Promise.then.completed (/Users/mmock/Projects/fitness-tracker/FitnessTracker/node_modules/jest-circus/build/utils.js:298:28)\n    at new Promise (<anonymous>)\n    at callAsyncCircusFn (/Users/mmock/Projects/fitness-tracker/FitnessTracker/node_modules/jest-circus/build/utils.js:231:10)\n    at _callCircusTest (/Users/mmock/Projects/fitness-tracker/FitnessTracker/node_modules/jest-circus/build/run.js:316:40)\n    at _runTest (/Users/mmock/Projects/fitness-tracker/FitnessTracker/node_modules/jest-circus/build/run.js:252:3)\n    at _runTestsForDescribeBlock (/Users/mmock/Projects/fitness-tracker/FitnessTracker/node_modules/jest-circus/build/run.js:126:9)\n    at _runTestsForDescribeBlock (/Users/mmock/Projects/fitness-tracker/FitnessTracker/node_modules/jest-circus/build/run.js:121:9)\n    at run (/Users/mmock/Projects/fitness-tracker/FitnessTracker/node_modules/jest-circus/build/run.js:71:3)\n    at runAndTransformResultsToJestFormat (/Users/mmock/Projects/fitness-tracker/FitnessTracker/node_modules/jest-circus/build/legacy-code-todo-rewrite/jestAdapterInit.js:122:21)\n    at jestAdapter (/Users/mmock/Projects/fitness-tracker/FitnessTracker/node_modules/jest-circus/build/legacy-code-todo-rewrite/jestAdapter.js:79:19)\n    at runTestInternal (/Users/mmock/Projects/fitness-tracker/FitnessTracker/node_modules/jest-runner/build/runTest.js:367:16)\n    at runTest (/Users/mmock/Projects/fitness-tracker/FitnessTracker/node_modules/jest-runner/build/runTest.js:444:34)\n    at Object.worker (/Users/mmock/Projects/fitness-tracker/FitnessTracker/node_modules/jest-runner/build/testWorker.js:106:12)"],"fullName":"ExerciseSetGroup adds new set when completing the last set","invocations":1,"location":null,"numPassingAsserts":0,"retryReasons":[],"status":"failed","title":"adds new set when completing the last set"},{"ancestorTitles":["ExerciseSetGroup"],"duration":7,"failureDetails":[{}],"failureMessages":["ReferenceError: setImmediate is not defined\n    at _nextUpdateHandle (/Users/mmock/Projects/fitness-tracker/FitnessTracker/node_modules/react-native/Libraries/Interaction/InteractionManager.js:179:7)\n    at Object._scheduleUpdate [as createInteractionHandle] (/Users/mmock/Projects/fitness-tracker/FitnessTracker/node_modules/react-native/Libraries/Interaction/InteractionManager.js:127:5)\n    at AnimatedValue.createInteractionHandle [as animate] (/Users/mmock/Projects/fitness-tracker/FitnessTracker/node_modules/react-native/Libraries/Animated/nodes/AnimatedValue.js:308:35)\n    at animate (/Users/mmock/Projects/fitness-tracker/FitnessTracker/node_modules/react-native/Libraries/Animated/AnimatedImplementation.js:231:19)\n    at Object.start (/Users/mmock/Projects/fitness-tracker/FitnessTracker/node_modules/react-native/Libraries/Animated/AnimatedImplementation.js:238:9)\n    at start (/Users/mmock/Projects/fitness-tracker/FitnessTracker/src/components/ExerciseSetGroup.tsx:56:8)\n    at Object.react-stack-bottom-frame (/Users/mmock/Projects/fitness-tracker/FitnessTracker/node_modules/react-test-renderer/cjs/react-test-renderer.development.js:12760:20)\n    at runWithFiberInDEV (/Users/mmock/Projects/fitness-tracker/FitnessTracker/node_modules/react-test-renderer/cjs/react-test-renderer.development.js:540:16)\n    at commitHookEffectListMount (/Users/mmock/Projects/fitness-tracker/FitnessTracker/node_modules/react-test-renderer/cjs/react-test-renderer.development.js:8226:29)\n    at commitHookPassiveMountEffects (/Users/mmock/Projects/fitness-tracker/FitnessTracker/node_modules/react-test-renderer/cjs/react-test-renderer.development.js:8312:11)\n    at commitPassiveMountOnFiber (/Users/mmock/Projects/fitness-tracker/FitnessTracker/node_modules/react-test-renderer/cjs/react-test-renderer.development.js:9672:13)\n    at recursivelyTraversePassiveMountEffects (/Users/mmock/Projects/fitness-tracker/FitnessTracker/node_modules/react-test-renderer/cjs/react-test-renderer.development.js:9646:11)\n    at commitPassiveMountOnFiber (/Users/mmock/Projects/fitness-tracker/FitnessTracker/node_modules/react-test-renderer/cjs/react-test-renderer.development.js:9676:11)\n    at flushPassiveEffects (/Users/mmock/Projects/fitness-tracker/FitnessTracker/node_modules/react-test-renderer/cjs/react-test-renderer.development.js:11277:13)\n    at /Users/mmock/Projects/fitness-tracker/FitnessTracker/node_modules/react-test-renderer/cjs/react-test-renderer.development.js:11159:11\n    at flushActQueue (/Users/mmock/Projects/fitness-tracker/FitnessTracker/node_modules/react/cjs/react.development.js:862:34)\n    at Object.<anonymous>.process.env.NODE_ENV.exports.act (/Users/mmock/Projects/fitness-tracker/FitnessTracker/node_modules/react/cjs/react.development.js:1151:10)\n    at actImplementation (/Users/mmock/Projects/fitness-tracker/FitnessTracker/node_modules/@testing-library/react-native/src/act.ts:30:25)\n    at renderWithAct (/Users/mmock/Projects/fitness-tracker/FitnessTracker/node_modules/@testing-library/react-native/src/render-act.ts:12:11)\n    at renderInternal (/Users/mmock/Projects/fitness-tracker/FitnessTracker/node_modules/@testing-library/react-native/src/render.tsx:81:33)\n    at renderInternal (/Users/mmock/Projects/fitness-tracker/FitnessTracker/node_modules/@testing-library/react-native/src/render.tsx:44:10)\n    at Object.<anonymous> (/Users/mmock/Projects/fitness-tracker/FitnessTracker/src/components/__tests__/ExerciseSetGroup.test.tsx:157:65)\n    at Generator.next (<anonymous>)\n    at asyncGeneratorStep (/Users/mmock/Projects/fitness-tracker/FitnessTracker/node_modules/@babel/runtime/helpers/asyncToGenerator.js:3:17)\n    at _next (/Users/mmock/Projects/fitness-tracker/FitnessTracker/node_modules/@babel/runtime/helpers/asyncToGenerator.js:17:9)\n    at /Users/mmock/Projects/fitness-tracker/FitnessTracker/node_modules/@babel/runtime/helpers/asyncToGenerator.js:22:7\n    at new Promise (<anonymous>)\n    at Object.<anonymous> (/Users/mmock/Projects/fitness-tracker/FitnessTracker/node_modules/@babel/runtime/helpers/asyncToGenerator.js:14:12)\n    at Promise.then.completed (/Users/mmock/Projects/fitness-tracker/FitnessTracker/node_modules/jest-circus/build/utils.js:298:28)\n    at new Promise (<anonymous>)\n    at callAsyncCircusFn (/Users/mmock/Projects/fitness-tracker/FitnessTracker/node_modules/jest-circus/build/utils.js:231:10)\n    at _callCircusTest (/Users/mmock/Projects/fitness-tracker/FitnessTracker/node_modules/jest-circus/build/run.js:316:40)\n    at _runTest (/Users/mmock/Projects/fitness-tracker/FitnessTracker/node_modules/jest-circus/build/run.js:252:3)\n    at _runTestsForDescribeBlock (/Users/mmock/Projects/fitness-tracker/FitnessTracker/node_modules/jest-circus/build/run.js:126:9)\n    at _runTestsForDescribeBlock (/Users/mmock/Projects/fitness-tracker/FitnessTracker/node_modules/jest-circus/build/run.js:121:9)\n    at run (/Users/mmock/Projects/fitness-tracker/FitnessTracker/node_modules/jest-circus/build/run.js:71:3)\n    at runAndTransformResultsToJestFormat (/Users/mmock/Projects/fitness-tracker/FitnessTracker/node_modules/jest-circus/build/legacy-code-todo-rewrite/jestAdapterInit.js:122:21)\n    at jestAdapter (/Users/mmock/Projects/fitness-tracker/FitnessTracker/node_modules/jest-circus/build/legacy-code-todo-rewrite/jestAdapter.js:79:19)\n    at runTestInternal (/Users/mmock/Projects/fitness-tracker/FitnessTracker/node_modules/jest-runner/build/runTest.js:367:16)\n    at runTest (/Users/mmock/Projects/fitness-tracker/FitnessTracker/node_modules/jest-runner/build/runTest.js:444:34)\n    at Object.worker (/Users/mmock/Projects/fitness-tracker/FitnessTracker/node_modules/jest-runner/build/testWorker.js:106:12)"],"fullName":"ExerciseSetGroup handles weight and reps input for active set","invocations":1,"location":null,"numPassingAsserts":0,"retryReasons":[],"status":"failed","title":"handles weight and reps input for active set"},{"ancestorTitles":["ExerciseSetGroup"],"duration":6,"failureDetails":[{}],"failureMessages":["ReferenceError: setImmediate is not defined\n    at _nextUpdateHandle (/Users/mmock/Projects/fitness-tracker/FitnessTracker/node_modules/react-native/Libraries/Interaction/InteractionManager.js:179:7)\n    at Object._scheduleUpdate [as createInteractionHandle] (/Users/mmock/Projects/fitness-tracker/FitnessTracker/node_modules/react-native/Libraries/Interaction/InteractionManager.js:127:5)\n    at AnimatedValue.createInteractionHandle [as animate] (/Users/mmock/Projects/fitness-tracker/FitnessTracker/node_modules/react-native/Libraries/Animated/nodes/AnimatedValue.js:308:35)\n    at animate (/Users/mmock/Projects/fitness-tracker/FitnessTracker/node_modules/react-native/Libraries/Animated/AnimatedImplementation.js:231:19)\n    at Object.start (/Users/mmock/Projects/fitness-tracker/FitnessTracker/node_modules/react-native/Libraries/Animated/AnimatedImplementation.js:238:9)\n    at start (/Users/mmock/Projects/fitness-tracker/FitnessTracker/src/components/ExerciseSetGroup.tsx:56:8)\n    at Object.react-stack-bottom-frame (/Users/mmock/Projects/fitness-tracker/FitnessTracker/node_modules/react-test-renderer/cjs/react-test-renderer.development.js:12760:20)\n    at runWithFiberInDEV (/Users/mmock/Projects/fitness-tracker/FitnessTracker/node_modules/react-test-renderer/cjs/react-test-renderer.development.js:540:16)\n    at commitHookEffectListMount (/Users/mmock/Projects/fitness-tracker/FitnessTracker/node_modules/react-test-renderer/cjs/react-test-renderer.development.js:8226:29)\n    at commitHookPassiveMountEffects (/Users/mmock/Projects/fitness-tracker/FitnessTracker/node_modules/react-test-renderer/cjs/react-test-renderer.development.js:8312:11)\n    at commitPassiveMountOnFiber (/Users/mmock/Projects/fitness-tracker/FitnessTracker/node_modules/react-test-renderer/cjs/react-test-renderer.development.js:9672:13)\n    at recursivelyTraversePassiveMountEffects (/Users/mmock/Projects/fitness-tracker/FitnessTracker/node_modules/react-test-renderer/cjs/react-test-renderer.development.js:9646:11)\n    at commitPassiveMountOnFiber (/Users/mmock/Projects/fitness-tracker/FitnessTracker/node_modules/react-test-renderer/cjs/react-test-renderer.development.js:9676:11)\n    at flushPassiveEffects (/Users/mmock/Projects/fitness-tracker/FitnessTracker/node_modules/react-test-renderer/cjs/react-test-renderer.development.js:11277:13)\n    at /Users/mmock/Projects/fitness-tracker/FitnessTracker/node_modules/react-test-renderer/cjs/react-test-renderer.development.js:11159:11\n    at flushActQueue (/Users/mmock/Projects/fitness-tracker/FitnessTracker/node_modules/react/cjs/react.development.js:862:34)\n    at Object.<anonymous>.process.env.NODE_ENV.exports.act (/Users/mmock/Projects/fitness-tracker/FitnessTracker/node_modules/react/cjs/react.development.js:1151:10)\n    at actImplementation (/Users/mmock/Projects/fitness-tracker/FitnessTracker/node_modules/@testing-library/react-native/src/act.ts:30:25)\n    at renderWithAct (/Users/mmock/Projects/fitness-tracker/FitnessTracker/node_modules/@testing-library/react-native/src/render-act.ts:12:11)\n    at renderInternal (/Users/mmock/Projects/fitness-tracker/FitnessTracker/node_modules/@testing-library/react-native/src/render.tsx:81:33)\n    at renderInternal (/Users/mmock/Projects/fitness-tracker/FitnessTracker/node_modules/@testing-library/react-native/src/render.tsx:44:10)\n    at Object.<anonymous> (/Users/mmock/Projects/fitness-tracker/FitnessTracker/src/components/__tests__/ExerciseSetGroup.test.tsx:181:76)\n    at Generator.next (<anonymous>)\n    at asyncGeneratorStep (/Users/mmock/Projects/fitness-tracker/FitnessTracker/node_modules/@babel/runtime/helpers/asyncToGenerator.js:3:17)\n    at _next (/Users/mmock/Projects/fitness-tracker/FitnessTracker/node_modules/@babel/runtime/helpers/asyncToGenerator.js:17:9)\n    at /Users/mmock/Projects/fitness-tracker/FitnessTracker/node_modules/@babel/runtime/helpers/asyncToGenerator.js:22:7\n    at new Promise (<anonymous>)\n    at Object.<anonymous> (/Users/mmock/Projects/fitness-tracker/FitnessTracker/node_modules/@babel/runtime/helpers/asyncToGenerator.js:14:12)\n    at Promise.then.completed (/Users/mmock/Projects/fitness-tracker/FitnessTracker/node_modules/jest-circus/build/utils.js:298:28)\n    at new Promise (<anonymous>)\n    at callAsyncCircusFn (/Users/mmock/Projects/fitness-tracker/FitnessTracker/node_modules/jest-circus/build/utils.js:231:10)\n    at _callCircusTest (/Users/mmock/Projects/fitness-tracker/FitnessTracker/node_modules/jest-circus/build/run.js:316:40)\n    at _runTest (/Users/mmock/Projects/fitness-tracker/FitnessTracker/node_modules/jest-circus/build/run.js:252:3)\n    at _runTestsForDescribeBlock (/Users/mmock/Projects/fitness-tracker/FitnessTracker/node_modules/jest-circus/build/run.js:126:9)\n    at _runTestsForDescribeBlock (/Users/mmock/Projects/fitness-tracker/FitnessTracker/node_modules/jest-circus/build/run.js:121:9)\n    at run (/Users/mmock/Projects/fitness-tracker/FitnessTracker/node_modules/jest-circus/build/run.js:71:3)\n    at runAndTransformResultsToJestFormat (/Users/mmock/Projects/fitness-tracker/FitnessTracker/node_modules/jest-circus/build/legacy-code-todo-rewrite/jestAdapterInit.js:122:21)\n    at jestAdapter (/Users/mmock/Projects/fitness-tracker/FitnessTracker/node_modules/jest-circus/build/legacy-code-todo-rewrite/jestAdapter.js:79:19)\n    at runTestInternal (/Users/mmock/Projects/fitness-tracker/FitnessTracker/node_modules/jest-runner/build/runTest.js:367:16)\n    at runTest (/Users/mmock/Projects/fitness-tracker/FitnessTracker/node_modules/jest-runner/build/runTest.js:444:34)\n    at Object.worker (/Users/mmock/Projects/fitness-tracker/FitnessTracker/node_modules/jest-runner/build/testWorker.js:106:12)"],"fullName":"ExerciseSetGroup maintains completed set values after completion","invocations":1,"location":null,"numPassingAsserts":0,"retryReasons":[],"status":"failed","title":"maintains completed set values after completion"},{"ancestorTitles":["ExerciseSetGroup"],"duration":4,"failureDetails":[{}],"failureMessages":["ReferenceError: setImmediate is not defined\n    at _nextUpdateHandle (/Users/mmock/Projects/fitness-tracker/FitnessTracker/node_modules/react-native/Libraries/Interaction/InteractionManager.js:179:7)\n    at Object._scheduleUpdate [as createInteractionHandle] (/Users/mmock/Projects/fitness-tracker/FitnessTracker/node_modules/react-native/Libraries/Interaction/InteractionManager.js:127:5)\n    at AnimatedValue.createInteractionHandle [as animate] (/Users/mmock/Projects/fitness-tracker/FitnessTracker/node_modules/react-native/Libraries/Animated/nodes/AnimatedValue.js:308:35)\n    at animate (/Users/mmock/Projects/fitness-tracker/FitnessTracker/node_modules/react-native/Libraries/Animated/AnimatedImplementation.js:231:19)\n    at Object.start (/Users/mmock/Projects/fitness-tracker/FitnessTracker/node_modules/react-native/Libraries/Animated/AnimatedImplementation.js:238:9)\n    at start (/Users/mmock/Projects/fitness-tracker/FitnessTracker/src/components/ExerciseSetGroup.tsx:56:8)\n    at Object.react-stack-bottom-frame (/Users/mmock/Projects/fitness-tracker/FitnessTracker/node_modules/react-test-renderer/cjs/react-test-renderer.development.js:12760:20)\n    at runWithFiberInDEV (/Users/mmock/Projects/fitness-tracker/FitnessTracker/node_modules/react-test-renderer/cjs/react-test-renderer.development.js:540:16)\n    at commitHookEffectListMount (/Users/mmock/Projects/fitness-tracker/FitnessTracker/node_modules/react-test-renderer/cjs/react-test-renderer.development.js:8226:29)\n    at commitHookPassiveMountEffects (/Users/mmock/Projects/fitness-tracker/FitnessTracker/node_modules/react-test-renderer/cjs/react-test-renderer.development.js:8312:11)\n    at commitPassiveMountOnFiber (/Users/mmock/Projects/fitness-tracker/FitnessTracker/node_modules/react-test-renderer/cjs/react-test-renderer.development.js:9672:13)\n    at recursivelyTraversePassiveMountEffects (/Users/mmock/Projects/fitness-tracker/FitnessTracker/node_modules/react-test-renderer/cjs/react-test-renderer.development.js:9646:11)\n    at commitPassiveMountOnFiber (/Users/mmock/Projects/fitness-tracker/FitnessTracker/node_modules/react-test-renderer/cjs/react-test-renderer.development.js:9676:11)\n    at flushPassiveEffects (/Users/mmock/Projects/fitness-tracker/FitnessTracker/node_modules/react-test-renderer/cjs/react-test-renderer.development.js:11277:13)\n    at /Users/mmock/Projects/fitness-tracker/FitnessTracker/node_modules/react-test-renderer/cjs/react-test-renderer.development.js:11159:11\n    at flushActQueue (/Users/mmock/Projects/fitness-tracker/FitnessTracker/node_modules/react/cjs/react.development.js:862:34)\n    at Object.<anonymous>.process.env.NODE_ENV.exports.act (/Users/mmock/Projects/fitness-tracker/FitnessTracker/node_modules/react/cjs/react.development.js:1151:10)\n    at actImplementation (/Users/mmock/Projects/fitness-tracker/FitnessTracker/node_modules/@testing-library/react-native/src/act.ts:30:25)\n    at renderWithAct (/Users/mmock/Projects/fitness-tracker/FitnessTracker/node_modules/@testing-library/react-native/src/render-act.ts:12:11)\n    at renderInternal (/Users/mmock/Projects/fitness-tracker/FitnessTracker/node_modules/@testing-library/react-native/src/render.tsx:81:33)\n    at renderInternal (/Users/mmock/Projects/fitness-tracker/FitnessTracker/node_modules/@testing-library/react-native/src/render.tsx:44:10)\n    at Object.<anonymous> (/Users/mmock/Projects/fitness-tracker/FitnessTracker/src/components/__tests__/ExerciseSetGroup.test.tsx:207:33)\n    at Generator.next (<anonymous>)\n    at asyncGeneratorStep (/Users/mmock/Projects/fitness-tracker/FitnessTracker/node_modules/@babel/runtime/helpers/asyncToGenerator.js:3:17)\n    at _next (/Users/mmock/Projects/fitness-tracker/FitnessTracker/node_modules/@babel/runtime/helpers/asyncToGenerator.js:17:9)\n    at /Users/mmock/Projects/fitness-tracker/FitnessTracker/node_modules/@babel/runtime/helpers/asyncToGenerator.js:22:7\n    at new Promise (<anonymous>)\n    at Object.<anonymous> (/Users/mmock/Projects/fitness-tracker/FitnessTracker/node_modules/@babel/runtime/helpers/asyncToGenerator.js:14:12)\n    at Promise.then.completed (/Users/mmock/Projects/fitness-tracker/FitnessTracker/node_modules/jest-circus/build/utils.js:298:28)\n    at new Promise (<anonymous>)\n    at callAsyncCircusFn (/Users/mmock/Projects/fitness-tracker/FitnessTracker/node_modules/jest-circus/build/utils.js:231:10)\n    at _callCircusTest (/Users/mmock/Projects/fitness-tracker/FitnessTracker/node_modules/jest-circus/build/run.js:316:40)\n    at _runTest (/Users/mmock/Projects/fitness-tracker/FitnessTracker/node_modules/jest-circus/build/run.js:252:3)\n    at _runTestsForDescribeBlock (/Users/mmock/Projects/fitness-tracker/FitnessTracker/node_modules/jest-circus/build/run.js:126:9)\n    at _runTestsForDescribeBlock (/Users/mmock/Projects/fitness-tracker/FitnessTracker/node_modules/jest-circus/build/run.js:121:9)\n    at run (/Users/mmock/Projects/fitness-tracker/FitnessTracker/node_modules/jest-circus/build/run.js:71:3)\n    at runAndTransformResultsToJestFormat (/Users/mmock/Projects/fitness-tracker/FitnessTracker/node_modules/jest-circus/build/legacy-code-todo-rewrite/jestAdapterInit.js:122:21)\n    at jestAdapter (/Users/mmock/Projects/fitness-tracker/FitnessTracker/node_modules/jest-circus/build/legacy-code-todo-rewrite/jestAdapter.js:79:19)\n    at runTestInternal (/Users/mmock/Projects/fitness-tracker/FitnessTracker/node_modules/jest-runner/build/runTest.js:367:16)\n    at runTest (/Users/mmock/Projects/fitness-tracker/FitnessTracker/node_modules/jest-runner/build/runTest.js:444:34)\n    at Object.worker (/Users/mmock/Projects/fitness-tracker/FitnessTracker/node_modules/jest-runner/build/testWorker.js:106:12)"],"fullName":"ExerciseSetGroup calls onOpenFullView when Full View link is pressed","invocations":1,"location":null,"numPassingAsserts":0,"retryReasons":[],"status":"failed","title":"calls onOpenFullView when Full View link is pressed"},{"ancestorTitles":["ExerciseSetGroup"],"duration":8,"failureDetails":[{}],"failureMessages":["ReferenceError: setImmediate is not defined\n    at _nextUpdateHandle (/Users/mmock/Projects/fitness-tracker/FitnessTracker/node_modules/react-native/Libraries/Interaction/InteractionManager.js:179:7)\n    at Object._scheduleUpdate [as createInteractionHandle] (/Users/mmock/Projects/fitness-tracker/FitnessTracker/node_modules/react-native/Libraries/Interaction/InteractionManager.js:127:5)\n    at AnimatedValue.createInteractionHandle [as animate] (/Users/mmock/Projects/fitness-tracker/FitnessTracker/node_modules/react-native/Libraries/Animated/nodes/AnimatedValue.js:308:35)\n    at animate (/Users/mmock/Projects/fitness-tracker/FitnessTracker/node_modules/react-native/Libraries/Animated/AnimatedImplementation.js:231:19)\n    at Object.start (/Users/mmock/Projects/fitness-tracker/FitnessTracker/node_modules/react-native/Libraries/Animated/AnimatedImplementation.js:238:9)\n    at start (/Users/mmock/Projects/fitness-tracker/FitnessTracker/src/components/ExerciseSetGroup.tsx:56:8)\n    at Object.react-stack-bottom-frame (/Users/mmock/Projects/fitness-tracker/FitnessTracker/node_modules/react-test-renderer/cjs/react-test-renderer.development.js:12760:20)\n    at runWithFiberInDEV (/Users/mmock/Projects/fitness-tracker/FitnessTracker/node_modules/react-test-renderer/cjs/react-test-renderer.development.js:540:16)\n    at commitHookEffectListMount (/Users/mmock/Projects/fitness-tracker/FitnessTracker/node_modules/react-test-renderer/cjs/react-test-renderer.development.js:8226:29)\n    at commitHookPassiveMountEffects (/Users/mmock/Projects/fitness-tracker/FitnessTracker/node_modules/react-test-renderer/cjs/react-test-renderer.development.js:8312:11)\n    at commitPassiveMountOnFiber (/Users/mmock/Projects/fitness-tracker/FitnessTracker/node_modules/react-test-renderer/cjs/react-test-renderer.development.js:9672:13)\n    at recursivelyTraversePassiveMountEffects (/Users/mmock/Projects/fitness-tracker/FitnessTracker/node_modules/react-test-renderer/cjs/react-test-renderer.development.js:9646:11)\n    at commitPassiveMountOnFiber (/Users/mmock/Projects/fitness-tracker/FitnessTracker/node_modules/react-test-renderer/cjs/react-test-renderer.development.js:9676:11)\n    at flushPassiveEffects (/Users/mmock/Projects/fitness-tracker/FitnessTracker/node_modules/react-test-renderer/cjs/react-test-renderer.development.js:11277:13)\n    at /Users/mmock/Projects/fitness-tracker/FitnessTracker/node_modules/react-test-renderer/cjs/react-test-renderer.development.js:11159:11\n    at flushActQueue (/Users/mmock/Projects/fitness-tracker/FitnessTracker/node_modules/react/cjs/react.development.js:862:34)\n    at Object.<anonymous>.process.env.NODE_ENV.exports.act (/Users/mmock/Projects/fitness-tracker/FitnessTracker/node_modules/react/cjs/react.development.js:1151:10)\n    at actImplementation (/Users/mmock/Projects/fitness-tracker/FitnessTracker/node_modules/@testing-library/react-native/src/act.ts:30:25)\n    at renderWithAct (/Users/mmock/Projects/fitness-tracker/FitnessTracker/node_modules/@testing-library/react-native/src/render-act.ts:12:11)\n    at renderInternal (/Users/mmock/Projects/fitness-tracker/FitnessTracker/node_modules/@testing-library/react-native/src/render.tsx:81:33)\n    at renderInternal (/Users/mmock/Projects/fitness-tracker/FitnessTracker/node_modules/@testing-library/react-native/src/render.tsx:44:10)\n    at Object.<anonymous> (/Users/mmock/Projects/fitness-tracker/FitnessTracker/src/components/__tests__/ExerciseSetGroup.test.tsx:221:33)\n    at Generator.next (<anonymous>)\n    at asyncGeneratorStep (/Users/mmock/Projects/fitness-tracker/FitnessTracker/node_modules/@babel/runtime/helpers/asyncToGenerator.js:3:17)\n    at _next (/Users/mmock/Projects/fitness-tracker/FitnessTracker/node_modules/@babel/runtime/helpers/asyncToGenerator.js:17:9)\n    at /Users/mmock/Projects/fitness-tracker/FitnessTracker/node_modules/@babel/runtime/helpers/asyncToGenerator.js:22:7\n    at new Promise (<anonymous>)\n    at Object.<anonymous> (/Users/mmock/Projects/fitness-tracker/FitnessTracker/node_modules/@babel/runtime/helpers/asyncToGenerator.js:14:12)\n    at Promise.then.completed (/Users/mmock/Projects/fitness-tracker/FitnessTracker/node_modules/jest-circus/build/utils.js:298:28)\n    at new Promise (<anonymous>)\n    at callAsyncCircusFn (/Users/mmock/Projects/fitness-tracker/FitnessTracker/node_modules/jest-circus/build/utils.js:231:10)\n    at _callCircusTest (/Users/mmock/Projects/fitness-tracker/FitnessTracker/node_modules/jest-circus/build/run.js:316:40)\n    at _runTest (/Users/mmock/Projects/fitness-tracker/FitnessTracker/node_modules/jest-circus/build/run.js:252:3)\n    at _runTestsForDescribeBlock (/Users/mmock/Projects/fitness-tracker/FitnessTracker/node_modules/jest-circus/build/run.js:126:9)\n    at _runTestsForDescribeBlock (/Users/mmock/Projects/fitness-tracker/FitnessTracker/node_modules/jest-circus/build/run.js:121:9)\n    at run (/Users/mmock/Projects/fitness-tracker/FitnessTracker/node_modules/
[...]
 14944773, \"tag\": 3, \"treeBaseDuration\": 1, \"type\": null, \"updateQueue\": {\"baseState\": [Object], \"callbacks\": null, \"firstBaseUpdate\": null, \"lastBaseUpdate\": null, \"shared\": [Object]}}, \"selfBaseDuration\": 0, \"sibling\": null, \"stateNode\": null, \"subtreeFlags\": 14944773, \"tag\": 0, \"treeBaseDuration\": 1, \"type\": [Function HomeScreen], \"updateQueue\": null}, \"_store\": {}, \"key\": null, \"props\": {\"sessions\": []}, \"type\": [Function RecentSessionHistory]}, \"initialSnapPoints\": [\"10%\", \"45%\", \"85%\"]}\u001b[22m, \u001b[31mundefined\u001b[39m\n           2: \u001b[2m{\"children\": {\"$typeof\": Symbol(react.transitional.element), \"_owner\": {\"_debugHookTypes\": [\"useState\", \"useState\", \"useMemo\", \"useCallback\"], \"_debugInfo\": null, \"_debugNeedsRemount\": false, \"_debugOwner\": null, \"actualDuration\": 1, \"actualStartTime\": 1747338707504, \"alternate\": {\"_debugHookTypes\": [\"useState\", \"useState\", \"useMemo\", \"useCallback\"], \"_debugInfo\": null, \"_debugNeedsRemount\": false, \"_debugOwner\": null, \"actualDuration\": 0, \"actualStartTime\": 1747338707507, \"alternate\": [Circular], \"child\": {\"_debugHookTypes\": null, \"_debugInfo\": null, \"_debugNeedsRemount\": false, \"_debugOwner\": [Circular], \"actualDuration\": 0, \"actualStartTime\": 1747338707507, \"alternate\": [FiberNode], \"child\": [FiberNode], \"childLanes\": 0, \"deletions\": null, \"dependencies\": null, \"elementType\": [Function mockConstructor], \"flags\": 1, \"index\": 0, \"key\": null, \"lanes\": 0, \"memoizedProps\": [Object], \"memoizedState\": null, \"mode\": 3, \"pendingProps\": [Object], \"ref\": null, \"refCleanup\": null, \"return\": [Circular], \"selfBaseDuration\": 0, \"sibling\": null, \"stateNode\": null, \"subtreeFlags\": 14944773, \"tag\": 0, \"treeBaseDuration\": 0, \"type\": [Function mockConstructor], \"updateQueue\": null}, \"childLanes\": 0, \"deletions\": null, \"dependencies\": null, \"elementType\": [Function HomeScreen], \"flags\": 1, \"index\": 0, \"key\": null, \"lanes\": 32, \"memoizedProps\": {}, \"memoizedState\": {\"baseQueue\": null, \"baseState\": null, \"memoizedState\": null, \"next\": [Object], \"queue\": [Object]}, \"mode\": 3, \"pendingProps\": {}, \"ref\": null, \"refCleanup\": null, \"return\": {\"_debugHookTypes\": null, \"_debugInfo\": null, \"_debugNeedsRemount\": false, \"_debugOwner\": null, \"actualDuration\": 0, \"actualStartTime\": 1747338707507, \"alternate\": [FiberNode], \"child\": [Circular], \"childLanes\": 0, \"deletions\": null, \"dependencies\": null, \"elementType\": null, \"flags\": 0, \"index\": 0, \"key\": null, \"lanes\": 0, \"memoizedProps\": null, \"memoizedState\": [Object], \"mode\": 3, \"pendingProps\": null, \"ref\": null, \"refCleanup\": null, \"return\": null, \"selfBaseDuration\": 0, \"sibling\": null, \"stateNode\": [FiberRootNode], \"subtreeFlags\": 14944773, \"tag\": 3, \"treeBaseDuration\": 0, \"type\": null, \"updateQueue\": [Object]}, \"selfBaseDuration\": 0, \"sibling\": null, \"stateNode\": null, \"subtreeFlags\": 14944773, \"tag\": 0, \"treeBaseDuration\": 0, \"type\": [Function HomeScreen], \"updateQueue\": null}, \"child\": {\"_debugHookTypes\": null, \"_debugInfo\": null, \"_debugNeedsRemount\": false, \"_debugOwner\": [Circular], \"actualDuration\": 1, \"actualStartTime\": 1747338707504, \"alternate\": {\"_debugHookTypes\": null, \"_debugInfo\": null, \"_debugNeedsRemount\": false, \"_debugOwner\": [FiberNode], \"actualDuration\": 0, \"actualStartTime\": 1747338707507, \"alternate\": [Circular], \"child\": [FiberNode], \"childLanes\": 0, \"deletions\": null, \"dependencies\": null, \"elementType\": [Function mockConstructor], \"flags\": 1, \"index\": 0, \"key\": null, \"lanes\": 0, \"memoizedProps\": [Object], \"memoizedState\": null, \"mode\": 3, \"pendingProps\": [Object], \"ref\": null, \"refCleanup\": null, \"return\": [FiberNode], \"selfBaseDuration\": 0, \"sibling\": null, \"stateNode\": null, \"subtreeFlags\": 14944773, \"tag\": 0, \"treeBaseDuration\": 0, \"type\": [Function mockConstructor], \"updateQueue\": null}, \"child\": {\"_debugHookTypes\": [Array], \"_debugInfo\": null, \"_debugNeedsRemount\": false, \"_debugOwner\": [Circular], \"actualDuration\": 1, \"actualStartTime\": 1747338707504, \"alternate\": [FiberNode], \"child\": [FiberNode], \"childLanes\": 0, \"deletions\": null, \"dependencies\": null, \"elementType\": [Function BottomSheetModalProviderWrapper], \"flags\": 1, \"index\": 0, \"key\": null, \"lanes\": 0, \"memoizedProps\": [Object], \"memoizedState\": [Object], \"mode\": 3, \"pendingProps\": [Object], \"ref\": null, \"refCleanup\": null, \"return\": [Circular], \"selfBaseDuration\": 0, \"sibling\": null, \"stateNode\": null, \"subtreeFlags\": 14944773, \"tag\": 0, \"treeBaseDuration\": 1, \"type\": [Function BottomSheetModalProviderWrapper], \"updateQueue\": null}, \"childLanes\": 0, \"deletions\": null, \"dependencies\": null, \"elementType\": [Function mockConstructor], \"flags\": 1, \"index\": 0, \"key\": null, \"lanes\": 0, \"memoizedProps\": {\"children\": [Object], \"edges\": [Array], \"style\": [Object]}, \"memoizedState\": null, \"mode\": 3, \"pendingProps\": {\"children\": [Object], \"edges\": [Array], \"style\": [Object]}, \"ref\": null, \"refCleanup\": null, \"return\": [Circular], \"selfBaseDuration\": 0, \"sibling\": null, \"stateNode\": null, \"subtreeFlags\": 14944773, \"tag\": 0, \"treeBaseDuration\": 1, \"type\": [Function mockConstructor], \"updateQueue\": null}, \"childLanes\": 0, \"deletions\": null, \"dependencies\": null, \"elementType\": [Function HomeScreen], \"flags\": 1, \"index\": 0, \"key\": null, \"lanes\": 32, \"memoizedProps\": {}, \"memoizedState\": {\"baseQueue\": {\"action\": null, \"eagerState\": null, \"hasEagerState\": false, \"lane\": 32, \"next\": [Circular], \"revertLane\": 0}, \"baseState\": null, \"memoizedState\": null, \"next\": {\"baseQueue\": [Object], \"baseState\": [Array], \"memoizedState\": [Array], \"next\": [Object], \"queue\": [Object]}, \"queue\": {\"dispatch\": [Function bound dispatchSetState], \"lanes\": 0, \"lastRenderedReducer\": [Function basicStateReducer], \"lastRenderedState\": null, \"pending\": null}}, \"mode\": 3, \"pendingProps\": {}, \"ref\": null, \"refCleanup\": null, \"return\": {\"_debugHookTypes\": null, \"_debugInfo\": null, \"_debugNeedsRemount\": false, \"_debugOwner\": null, \"actualDuration\": 1, \"actualStartTime\": 1747338707504, \"alternate\": {\"_debugHookTypes\": null, \"_debugInfo\": null, \"_debugNeedsRemount\": false, \"_debugOwner\": null, \"actualDuration\": 0, \"actualStartTime\": 1747338707507, \"alternate\": [Circular], \"child\": [FiberNode], \"childLanes\": 0, \"deletions\": null, \"dependencies\": null, \"elementType\": null, \"flags\": 0, \"index\": 0, \"key\": null, \"lanes\": 0, \"memoizedProps\": null, \"memoizedState\": [Object], \"mode\": 3, \"pendingProps\": null, \"ref\": null, \"refCleanup\": null, \"return\": null, \"selfBaseDuration\": 0, \"sibling\": null, \"stateNode\": [FiberRootNode], \"subtreeFlags\": 14944773, \"tag\": 3, \"treeBaseDuration\": 0, \"type\": null, \"updateQueue\": [Object]}, \"child\": [Circular], \"childLanes\": 32, \"deletions\": null, \"dependencies\": null, \"elementType\": null, \"flags\": 0, \"index\": 0, \"key\": null, \"lanes\": 0, \"memoizedProps\": null, \"memoizedState\": {\"cache\": [Object], \"element\": [Object], \"isDehydrated\": false}, \"mode\": 3, \"pendingProps\": null, \"ref\": null, \"refCleanup\": null, \"return\": null, \"selfBaseDuration\": 0, \"sibling\": null, \"stateNode\": {\"_debugRootType\": \"createRoot()\", \"callbackNode\": null, \"callbackPriority\": 0, \"cancelPendingCommit\": null, \"containerInfo\": [Object], \"context\": [Object], \"current\": [FiberNode], \"effectDuration\": 0, \"entangledLanes\": 0, \"entanglements\": [Array], \"errorRecoveryDisabledLanes\": 0, \"expirationTimes\": [Array], \"expiredLanes\": 0, \"finishedLanes\": 0, \"finishedWork\": null, \"formState\": null, \"hiddenUpdates\": [Array], \"identifierPrefix\": \"\", \"incompleteTransitions\": [Map], \"next\": null, \"onCaughtError\": [Function defaultOnCaughtError], \"onRecoverableError\": [Function defaultOnRecoverableError], \"onUncaughtError\": [Function defaultOnUncaughtError], \"passiveEffectDuration\": 0, \"pendingChildren\": null, \"pendingContext\": null, \"pendingLanes\": 32, \"pingCache\": null, \"pingedLanes\": 0, \"pooledCache\": null, \"pooledCacheLanes\": 0, \"shellSuspendCounter\": 0, \"suspendedLanes\": 0, \"tag\": 1, \"timeoutHandle\": -1, \"warmLanes\": 0}, \"subtreeFlags\": 14944773, \"tag\": 3, \"treeBaseDuration\": 1, \"type\": null, \"updateQueue\": {\"baseState\": [Object], \"callbacks\": null, \"firstBaseUpdate\": null, \"lastBaseUpdate\": null, \"shared\": [Object]}}, \"selfBaseDuration\": 0, \"sibling\": null, \"stateNode\": null, \"subtreeFlags\": 14944773, \"tag\": 0, \"treeBaseDuration\": 1, \"type\": [Function HomeScreen], \"updateQueue\": null}, \"_store\": {}, \"key\": null, \"props\": {\"sessions\": [{\"createdAt\": \"2025-05-14T10:00:00Z\", \"endTime\": undefined, \"id\": \"past-session\", \"name\": \"Past Session\", \"sessionExercises\": [Array], \"startTime\": \"2025-05-14T10:00:00Z\"}]}, \"type\": [Function RecentSessionHistory]}, \"initialSnapPoints\": [\"10%\", \"45%\", \"85%\"]}\u001b[22m, \u001b[31mundefined\u001b[39m\n           3: \u001b[2m{\"children\": {\"$typeof\": Symbol(react.transitional.element), \"_owner\": {\"_debugHookTypes\": [\"useState\", \"useState\", \"useMemo\", \"useCallback\"], \"_debugInfo\": null, \"_debugNeedsRemount\": false, \"_debugOwner\": null, \"actualDuration\": 0, \"actualStartTime\": 1747338707507, \"alternate\": {\"_debugHookTypes\": [\"useState\", \"useState\", \"useMemo\", \"useCallback\"], \"_debugInfo\": null, \"_debugNeedsRemount\": false, \"_debugOwner\": null, \"actualDuration\": 1, \"actualStartTime\": 1747338707504, \"alternate\": [Circular], \"child\": {\"_debugHookTypes\": null, \"_debugInfo\": null, \"_debugNeedsRemount\": false, \"_debugOwner\": [Circular], \"actualDuration\": 1, \"actualStartTime\": 1747338707504, \"alternate\": [FiberNode], \"child\": [FiberNode], \"childLanes\": 0, \"deletions\": null, \"dependencies\": null, \"elementType\": [Function mockConstructor], \"flags\": 1, \"index\": 0, \"key\": null, \"lanes\": 0, \"memoizedProps\": [Object], \"memoizedState\": null, \"mode\": 3, \"pendingProps\": [Object], \"ref\": null, \"refCleanup\": null, \"return\": [Circular], \"selfBaseDuration\": 0, \"sibling\": null, \"stateNode\": null, \"subtreeFlags\": 14944773, \"tag\": 0, \"treeBaseDuration\": 1, \"type\": [Function mockConstructor], \"updateQueue\": null}, \"childLanes\": 0, \"deletions\": null, \"dependencies\": null, \"elementType\": [Function HomeScreen], \"flags\": 1, \"index\": 0, \"key\": null, \"lanes\": 32, \"memoizedProps\": {}, \"memoizedState\": {\"baseQueue\": [Object], \"baseState\": null, \"memoizedState\": null, \"next\": [Object], \"queue\": [Object]}, \"mode\": 3, \"pendingProps\": {}, \"ref\": null, \"refCleanup\": null, \"return\": {\"_debugHookTypes\": null, \"_debugInfo\": null, \"_debugNeedsRemount\": false, \"_debugOwner\": null, \"actualDuration\": 1, \"actualStartTime\": 1747338707504, \"alternate\": [FiberNode], \"child\": [Circular], \"childLanes\": 32, \"deletions\": null, \"dependencies\": null, \"elementType\": null, \"flags\": 0, \"index\": 0, \"key\": null, \"lanes\": 0, \"memoizedProps\": null, \"memoizedState\": [Object], \"mode\": 3, \"pendingProps\": null, \"ref\": null, \"refCleanup\": null, \"return\": null, \"selfBaseDuration\": 0, \"sibling\": null, \"stateNode\": [FiberRootNode], \"subtreeFlags\": 14944773, \"tag\": 3, \"treeBaseDuration\": 1, \"type\": null, \"updateQueue\": [Object]}, \"selfBaseDuration\": 0, \"sibling\": null, \"stateNode\": null, \"subtreeFlags\": 14944773, \"tag\": 0, \"treeBaseDuration\": 1, \"type\": [Function HomeScreen], \"updateQueue\": null}, \"child\": {\"_debugHookTypes\": null, \"_debugInfo\": null, \"_debugNeedsRemount\": false, \"_debugOwner\": [Circular], \"actualDuration\": 0, \"actualStartTime\": 1747338707507, \"alternate\": {\"_debugHookTypes\": null, \"_debugInfo\": null, \"_debugNeedsRemount\": false, \"_debugOwner\": [FiberNode], \"actualDuration\": 1, \"actualStartTime\": 1747338707504, \"alternate\": [Circular], \"child\": [FiberNode], \"childLanes\": 0, \"deletions\": null, \"dependencies\": null, \"elementType\": [Function mockConstructor], \"flags\": 1, \"index\": 0, \"key\": null, \"lanes\": 0, \"memoizedProps\": [Object], \"memoizedState\": null, \"mode\": 3, \"pendingProps\": [Object], \"ref\": null, \"refCleanup\": null, \"return\": [FiberNode], \"selfBaseDuration\": 0, \"sibling\": null, \"stateNode\": null, \"subtreeFlags\": 14944773, \"tag\": 0, \"treeBaseDuration\": 1, \"type\": [Function mockConstructor], \"updateQueue\": null}, \"child\": {\"_debugHookTypes\": [Array], \"_debugInfo\": null, \"_debugNeedsRemount\": false, \"_debugOwner\": [Circular], \"actualDuration\": 0, \"actualStartTime\": 1747338707507, \"alternate\": [FiberNode], \"child\": [FiberNode], \"childLanes\": 0, \"deletions\": null, \"dependencies\": null, \"elementType\": [Function BottomSheetModalProviderWrapper], \"flags\": 1, \"index\": 0, \"key\": null, \"lanes\": 0, \"memoizedProps\": [Object], \"memoizedState\": [Object], \"mode\": 3, \"pendingProps\": [Object], \"ref\": null, \"refCleanup\": null, \"return\": [Circular], \"selfBaseDuration\": 0, \"sibling\": null, \"stateNode\": null, \"subtreeFlags\": 14944773, \"tag\": 0, \"treeBaseDuration\": 0, \"type\": [Function BottomSheetModalProviderWrapper], \"updateQueue\": null}, \"childLanes\": 0, \"deletions\": null, \"dependencies\": null, \"elementType\": [Function mockConstructor], \"flags\": 1, \"index\": 0, \"key\": null, \"lanes\": 0, \"memoizedProps\": {\"children\": [Object], \"edges\": [Array], \"style\": [Object]}, \"memoizedState\": null, \"mode\": 3, \"pendingProps\": {\"children\": [Object], \"edges\": [Array], \"style\": [Object]}, \"ref\": null, \"refCleanup\": null, \"return\": [Circular], \"selfBaseDuration\": 0, \"sibling\": null, \"stateNode\": null, \"subtreeFlags\": 14944773, \"tag\": 0, \"treeBaseDuration\": 0, \"type\": [Function mockConstructor], \"updateQueue\": null}, \"childLanes\": 0, \"deletions\": null, \"dependencies\": null, \"elementType\": [Function HomeScreen], \"flags\": 1, \"index\": 0, \"key\": null, \"lanes\": 32, \"memoizedProps\": {}, \"memoizedState\": {\"baseQueue\": null, \"baseState\": null, \"memoizedState\": null, \"next\": {\"baseQueue\": null, \"baseState\": [Array], \"memoizedState\": [Array], \"next\": [Object], \"queue\": [Object]}, \"queue\": {\"dispatch\": [Function bound dispatchSetState], \"lanes\": 0, \"lastRenderedReducer\": [Function basicStateReducer], \"lastRenderedState\": null, \"pending\": null}}, \"mode\": 3, \"pendingProps\": {}, \"ref\": null, \"refCleanup\": null, \"return\": {\"_debugHookTypes\": null, \"_debugInfo\": null, \"_debugNeedsRemount\": false, \"_debugOwner\": null, \"actualDuration\": 0, \"actualStartTime\": 1747338707507, \"alternate\": {\"_debugHookTypes\": null, \"_debugInfo\": null, \"_debugNeedsRemount\": false, \"_debugOwner\": null, \"actualDuration\": 1, \"actualStartTime\": 1747338707504, \"alternate\": [Circular], \"child\": [FiberNode], \"childLanes\": 32, \"deletions\": null, \"dependencies\": null, \"elementType\": null, \"flags\": 0, \"index\": 0, \"key\": null, \"lanes\": 0, \"memoizedProps\": null, \"memoizedState\": [Object], \"mode\": 3, \"pendingProps\": null, \"ref\": null, \"refCleanup\": null, \"return\": null, \"selfBaseDuration\": 0, \"sibling\": null, \"stateNode\": [FiberRootNode], \"subtreeFlags\": 14944773, \"tag\": 3, \"treeBaseDuration\": 1, \"type\": null, \"updateQueue\": [Object]}, \"child\": [Circular], \"childLanes\": 0, \"deletions\": null, \"dependencies\": null, \"elementType\": null, \"flags\": 0, \"index\": 0, \"key\": null, \"lanes\": 0, \"memoizedProps\": null, \"memoizedState\": {\"cache\": [Object], \"element\": [Object], \"isDehydrated\": false}, \"mode\": 3, \"pendingProps\": null, \"ref\": null, \"refCleanup\": null, \"return\": null, \"selfBaseDuration\": 0, \"sibling\": null, \"stateNode\": {\"_debugRootType\": \"createRoot()\", \"callbackNode\": null, \"callbackPriority\": 0, \"cancelPendingCommit\": null, \"containerInfo\": [Object], \"context\": [Object], \"current\": [Circular], \"effectDuration\": 0, \"entangledLanes\": 0, \"entanglements\": [Array], \"errorRecoveryDisabledLanes\": 0, \"expirationTimes\": [Array], \"expiredLanes\": 0, \"finishedLanes\": 0, \"finishedWork\": null, \"formState\": null, \"hiddenUpdates\": [Array], \"identifierPrefix\": \"\", \"incompleteTransitions\": [Map], \"next\": null, \"onCaughtError\": [Function defaultOnCaughtError], \"onRecoverableError\": [Function defaultOnRecoverableError], \"onUncaughtError\": [Function defaultOnUncaughtError], \"passiveEffectDuration\": 0, \"pendingChildren\": null, \"pendingContext\": null, \"pendingLanes\": 32, \"pingCache\": null, \"pingedLanes\": 0, \"pooledCache\": null, \"pooledCacheLanes\": 0, \"shellSuspendCounter\": 0, \"suspendedLanes\": 0, \"tag\": 1, \"timeoutHandle\": -1, \"warmLanes\": 0}, \"subtreeFlags\": 14944773, \"tag\": 3, \"treeBaseDuration\": 0, \"type\": null, \"updateQueue\": {\"baseState\": [Object], \"callbacks\": null, \"firstBaseUpdate\": null, \"lastBaseUpdate\": null, \"shared\": [Object]}}, \"selfBaseDuration\": 0, \"sibling\": null, \"stateNode\": null, \"subtreeFlags\": 14944773, \"tag\": 0, \"treeBaseDuration\": 0, \"type\": [Function HomeScreen], \"updateQueue\": null}, \"_store\": {}, \"key\": null, \"props\": {\"sessions\": []}, \"type\": [Function RecentSessionHistory]}, \"initialSnapPoints\": [\"10%\", \"45%\", \"85%\"]}\u001b[22m, \u001b[31mundefined\u001b[39m\n\n    Number of calls: \u001b[31m441\u001b[39m\n\u001b[2m\u001b[22m\n\u001b[2m    \u001b[0m \u001b[90m 185 |\u001b[39m       render(\u001b[33m<\u001b[39m\u001b[33mHomeScreen\u001b[39m \u001b[33m/\u001b[39m\u001b[33m>\u001b[39m)\u001b[33m;\u001b[39m\u001b[22m\n\u001b[2m     \u001b[90m 186 |\u001b[39m\u001b[22m\n\u001b[2m    \u001b[31m\u001b[1m>\u001b[22m\u001b[2m\u001b[39m\u001b[90m 187 |\u001b[39m       \u001b[36mawait\u001b[39m waitFor(() \u001b[33m=>\u001b[39m {\u001b[22m\n\u001b[2m     \u001b[90m     |\u001b[39m                    \u001b[31m\u001b[1m^\u001b[22m\u001b[2m\u001b[39m\u001b[22m\n\u001b[2m     \u001b[90m 188 |\u001b[39m         expect(\u001b[33mPastSessionBottomSheet\u001b[39m)\u001b[33m.\u001b[39mtoHaveBeenCalledWith(\u001b[22m\n\u001b[2m     \u001b[90m 189 |\u001b[39m           expect\u001b[33m.\u001b[39mobjectContaining({\u001b[22m\n\u001b[2m     \u001b[90m 190 |\u001b[39m             initialSnapPoints\u001b[33m:\u001b[39m expect\u001b[33m.\u001b[39many(\u001b[33mArray\u001b[39m)\u001b[0m\u001b[22m\n\u001b[2m\u001b[22m\n\u001b[2m      \u001b[2mat Object.<anonymous> (\u001b[22m\u001b[2m\u001b[0m\u001b[36msrc/screens/__tests__/HomeScreen.test.tsx\u001b[39m\u001b[0m\u001b[2m:187:20)\u001b[22m\u001b[2m\u001b[22m\n\u001b[2m      \u001b[2mat asyncGeneratorStep (\u001b[22m\u001b[2mnode_modules/@babel/runtime/helpers/asyncToGenerator.js\u001b[2m:3:17)\u001b[22m\u001b[2m\u001b[22m\n\u001b[2m      \u001b[2mat _next (\u001b[22m\u001b[2mnode_modules/@babel/runtime/helpers/asyncToGenerator.js\u001b[2m:17:9)\u001b[22m\u001b[2m\u001b[22m\n\u001b[2m      \u001b[2mat \u001b[22m\u001b[2mnode_modules/@babel/runtime/helpers/asyncToGenerator.js\u001b[2m:22:7\u001b[22m\u001b[2m\u001b[22m\n\u001b[2m      \u001b[2mat Object.<anonymous> (\u001b[22m\u001b[2mnode_modules/@babel/runtime/helpers/asyncToGenerator.js\u001b[2m:14:12)\u001b[22m\u001b[2m\u001b[22m\n","name":"/Users/mmock/Projects/fitness-tracker/FitnessTracker/src/screens/__tests__/HomeScreen.test.tsx","startTime":1747338689334,"status":"failed","summary":""}],"wasInterrupted":false}
